TN:
SF:src\ActiveJobsTable.tsx
FN:17,(anonymous_10)
FN:22,(anonymous_11)
FN:28,(anonymous_12)
FN:29,(anonymous_13)
FN:29,(anonymous_14)
FN:42,(anonymous_15)
FN:43,(anonymous_16)
FN:43,(anonymous_17)
FN:53,(anonymous_18)
FN:73,(anonymous_19)
FN:76,(anonymous_20)
FN:84,(anonymous_21)
FN:87,(anonymous_22)
FN:95,(anonymous_23)
FN:120,(anonymous_24)
FNF:15
FNH:0
FNDA:0,(anonymous_10)
FNDA:0,(anonymous_11)
FNDA:0,(anonymous_12)
FNDA:0,(anonymous_13)
FNDA:0,(anonymous_14)
FNDA:0,(anonymous_15)
FNDA:0,(anonymous_16)
FNDA:0,(anonymous_17)
FNDA:0,(anonymous_18)
FNDA:0,(anonymous_19)
FNDA:0,(anonymous_20)
FNDA:0,(anonymous_21)
FNDA:0,(anonymous_22)
FNDA:0,(anonymous_23)
FNDA:0,(anonymous_24)
DA:2,0
DA:3,0
DA:4,0
DA:5,0
DA:7,0
DA:14,0
DA:15,0
DA:17,0
DA:18,0
DA:19,0
DA:20,0
DA:22,0
DA:23,0
DA:28,0
DA:29,0
DA:30,0
DA:31,0
DA:32,0
DA:33,0
DA:34,0
DA:35,0
DA:36,0
DA:37,0
DA:38,0
DA:42,0
DA:43,0
DA:44,0
DA:45,0
DA:46,0
DA:47,0
DA:48,0
DA:49,0
DA:50,0
DA:51,0
DA:52,0
DA:53,0
DA:54,0
DA:55,0
DA:56,0
DA:57,0
DA:58,0
DA:60,0
DA:64,0
DA:73,0
DA:76,0
DA:84,0
DA:87,0
DA:95,0
DA:121,0
DA:135,0
LF:50
LH:0
BRDA:23,0,0,0
BRDA:23,0,1,0
BRDA:23,0,2,0
BRDA:23,0,3,0
BRDA:23,0,4,0
BRDA:23,0,5,0
BRF:6
BRH:0
end_of_record
TN:
SF:src\App.tsx
FN:176,AppContent
FN:191,(anonymous_2)
FN:195,(anonymous_3)
FN:203,(anonymous_4)
FN:207,(anonymous_5)
FN:208,(anonymous_6)
FN:232,(anonymous_7)
FN:358,(anonymous_8)
FN:454,App
FNF:9
FNH:5
FNDA:3,AppContent
FNDA:0,(anonymous_2)
FNDA:0,(anonymous_3)
FNDA:0,(anonymous_4)
FNDA:6,(anonymous_5)
FNDA:6,(anonymous_6)
FNDA:27,(anonymous_7)
FNDA:0,(anonymous_8)
FNDA:3,App
DA:1,1
DA:2,1
DA:27,1
DA:47,1
DA:50,1
DA:51,1
DA:52,1
DA:53,1
DA:54,1
DA:55,1
DA:56,1
DA:57,1
DA:58,1
DA:61,1
DA:62,1
DA:63,1
DA:65,1
DA:109,1
DA:119,1
DA:177,3
DA:178,3
DA:179,3
DA:189,3
DA:191,3
DA:192,0
DA:195,3
DA:196,0
DA:203,3
DA:204,0
DA:207,3
DA:208,6
DA:209,6
DA:213,3
DA:233,27
DA:320,3
DA:358,0
DA:454,1
DA:455,3
LF:38
LH:34
BRDA:195,0,0,0
BRDA:209,1,0,6
BRDA:209,1,1,0
BRDA:248,2,0,27
BRDA:248,2,1,3
BRDA:262,3,0,0
BRDA:262,3,1,27
BRDA:423,4,0,3
BRDA:423,4,1,0
BRF:9
BRH:5
end_of_record
TN:
SF:src\ChatUI.tsx
FN:11,(anonymous_1)
FN:17,(anonymous_2)
FN:20,(anonymous_3)
FN:39,(anonymous_4)
FN:41,(anonymous_5)
FN:44,(anonymous_6)
FN:49,(anonymous_7)
FN:60,(anonymous_8)
FN:85,(anonymous_9)
FNF:9
FNH:0
FNDA:0,(anonymous_1)
FNDA:0,(anonymous_2)
FNDA:0,(anonymous_3)
FNDA:0,(anonymous_4)
FNDA:0,(anonymous_5)
FNDA:0,(anonymous_6)
FNDA:0,(anonymous_7)
FNDA:0,(anonymous_8)
FNDA:0,(anonymous_9)
DA:2,0
DA:3,0
DA:4,0
DA:11,0
DA:12,0
DA:13,0
DA:14,0
DA:15,0
DA:17,0
DA:18,0
DA:19,0
DA:20,0
DA:21,0
DA:22,0
DA:24,0
DA:25,0
DA:30,0
DA:31,0
DA:32,0
DA:33,0
DA:34,0
DA:35,0
DA:37,0
DA:39,0
DA:41,0
DA:43,0
DA:44,0
DA:45,0
DA:49,0
DA:50,0
DA:51,0
DA:52,0
DA:56,0
DA:61,0
DA:85,0
DA:101,0
LF:36
LH:0
BRDA:18,0,0,0
BRDA:18,0,1,0
BRDA:32,1,0,0
BRDA:32,1,1,0
BRDA:34,2,0,0
BRDA:34,2,1,0
BRDA:34,3,0,0
BRDA:34,3,1,0
BRDA:45,4,0,0
BRDA:45,4,1,0
BRDA:50,5,0,0
BRDA:50,5,1,0
BRDA:50,6,0,0
BRDA:50,6,1,0
BRDA:61,7,0,0
BRDA:61,7,1,0
BRDA:65,8,0,0
BRDA:65,8,1,0
BRDA:66,9,0,0
BRDA:66,9,1,0
BRDA:71,10,0,0
BRDA:71,10,1,0
BRDA:76,11,0,0
BRDA:76,11,1,0
BRDA:93,12,0,0
BRDA:93,12,1,0
BRF:26
BRH:0
end_of_record
TN:
SF:src\ProductivityChart.tsx
FN:15,(anonymous_0)
FNF:1
FNH:0
FNDA:0,(anonymous_0)
DA:3,0
DA:4,0
DA:6,0
DA:15,0
DA:16,0
DA:33,0
LF:6
LH:0
BRF:0
BRH:0
end_of_record
TN:
SF:src\counter.ts
FN:1,setupCounter
FN:3,(anonymous_1)
FN:7,(anonymous_2)
FNF:3
FNH:0
FNDA:0,setupCounter
FNDA:0,(anonymous_1)
FNDA:0,(anonymous_2)
DA:1,0
DA:2,0
DA:3,0
DA:4,0
DA:5,0
DA:7,0
DA:8,0
LF:7
LH:0
BRF:0
BRH:0
end_of_record
TN:
SF:src\main.tsx
FNF:0
FNH:0
DA:2,0
DA:3,0
DA:4,0
DA:6,0
DA:8,0
LF:5
LH:0
BRF:0
BRH:0
end_of_record
TN:
SF:src\components\ChartWidget.tsx
FN:7,(anonymous_0)
FNF:1
FNH:0
FNDA:0,(anonymous_0)
DA:7,0
DA:8,0
DA:13,0
LF:3
LH:0
BRF:0
BRH:0
end_of_record
TN:
SF:src\components\DataTable.tsx
FN:16,(anonymous_0)
FN:25,(anonymous_1)
FN:31,(anonymous_2)
FN:33,(anonymous_3)
FNF:4
FNH:0
FNDA:0,(anonymous_0)
FNDA:0,(anonymous_1)
FNDA:0,(anonymous_2)
FNDA:0,(anonymous_3)
DA:16,0
DA:17,0
DA:18,0
DA:19,0
DA:21,0
DA:26,0
DA:32,0
DA:34,0
DA:45,0
LF:9
LH:0
BRDA:17,0,0,0
BRDA:17,0,1,0
BRDA:18,1,0,0
BRDA:18,1,1,0
BRDA:19,2,0,0
BRDA:19,2,1,0
BRDA:19,3,0,0
BRDA:19,3,1,0
BRF:8
BRH:0
end_of_record
TN:
SF:src\components\ErrorBoundary.tsx
FN:16,(anonymous_0)
FN:21,(anonymous_1)
FN:28,(anonymous_2)
FN:36,(anonymous_3)
FN:83,(anonymous_4)
FN:91,(anonymous_5)
FNF:6
FNH:2
FNDA:3,(anonymous_0)
FNDA:0,(anonymous_1)
FNDA:0,(anonymous_2)
FNDA:3,(anonymous_3)
FNDA:0,(anonymous_4)
FNDA:0,(anonymous_5)
DA:1,1
DA:2,1
DA:3,1
DA:15,1
DA:17,3
DA:18,3
DA:22,0
DA:29,0
DA:30,0
DA:37,3
DA:38,0
DA:83,0
DA:91,0
DA:115,3
LF:14
LH:8
BRDA:32,0,0,0
BRDA:32,0,1,0
BRDA:37,1,0,0
BRDA:37,1,1,3
BRDA:98,2,0,0
BRDA:98,2,1,0
BRDA:98,2,2,0
BRF:7
BRH:1
end_of_record
TN:
SF:src\components\ExportMenu.tsx
FN:3,(anonymous_0)
FNF:1
FNH:0
FNDA:0,(anonymous_0)
DA:3,0
DA:4,0
DA:6,0
LF:3
LH:0
BRF:0
BRH:0
end_of_record
TN:
SF:src\components\FilterBar.tsx
FN:3,(anonymous_0)
FNF:1
FNH:0
FNDA:0,(anonymous_0)
DA:3,0
DA:4,0
DA:6,0
LF:3
LH:0
BRF:0
BRH:0
end_of_record
TN:
SF:src\components\KPIWidget.tsx
FN:7,(anonymous_0)
FNF:1
FNH:0
FNDA:0,(anonymous_0)
DA:7,0
DA:8,0
DA:12,0
LF:3
LH:0
BRF:0
BRH:0
end_of_record
TN:
SF:src\components\LoadingSpinner.tsx
FN:9,(anonymous_0)
FNF:1
FNH:0
FNDA:0,(anonymous_0)
DA:2,1
DA:9,1
DA:13,0
LF:3
LH:2
BRDA:10,0,0,0
BRDA:11,1,0,0
BRF:2
BRH:0
end_of_record
TN:
SF:src\components\MenuConsultas.tsx
FN:29,(anonymous_1)
FN:35,(anonymous_2)
FN:39,(anonymous_3)
FNF:3
FNH:0
FNDA:0,(anonymous_1)
FNDA:0,(anonymous_2)
FNDA:0,(anonymous_3)
DA:2,0
DA:3,0
DA:4,0
DA:5,0
DA:6,0
DA:7,0
DA:8,0
DA:9,0
DA:10,0
DA:17,0
DA:29,0
DA:30,0
DA:36,0
DA:39,0
DA:57,0
LF:15
LH:0
BRDA:41,0,0,0
BRDA:41,0,1,0
BRDA:42,1,0,0
BRDA:42,1,1,0
BRF:4
BRH:0
end_of_record
TN:
SF:src\components\RealTimeNotifications.tsx
FN:57,(anonymous_9)
FN:69,(anonymous_10)
FN:75,(anonymous_11)
FN:79,(anonymous_12)
FN:83,(anonymous_13)
FN:93,(anonymous_14)
FN:103,(anonymous_15)
FN:117,(anonymous_16)
FN:206,(anonymous_17)
FN:216,(anonymous_18)
FN:278,(anonymous_19)
FN:283,(anonymous_20)
FN:312,(anonymous_21)
FNF:13
FNH:11
FNDA:26,(anonymous_9)
FNDA:96,(anonymous_10)
FNDA:12,(anonymous_11)
FNDA:0,(anonymous_12)
FNDA:68,(anonymous_13)
FNDA:136,(anonymous_14)
FNDA:68,(anonymous_15)
FNDA:14,(anonymous_16)
FNDA:68,(anonymous_17)
FNDA:1,(anonymous_18)
FNDA:58,(anonymous_19)
FNDA:1,(anonymous_20)
FNDA:0,(anonymous_21)
DA:1,1
DA:2,1
DA:21,1
DA:57,1
DA:64,26
DA:65,26
DA:68,26
DA:69,96
DA:72,26
DA:73,26
DA:75,26
DA:76,12
DA:79,26
DA:80,0
DA:83,26
DA:84,68
DA:85,32
DA:86,0
DA:87,18
DA:88,18
DA:89,0
DA:93,26
DA:94,136
DA:95,60
DA:96,36
DA:97,36
DA:98,4
DA:99,0
DA:103,26
DA:104,68
DA:105,68
DA:106,68
DA:107,68
DA:108,68
DA:110,68
DA:111,66
DA:112,66
DA:113,66
DA:117,26
DA:118,14
DA:120,13
DA:121,13
DA:122,13
DA:124,13
DA:125,13
DA:127,13
DA:128,13
DA:130,13
DA:131,13
DA:133,13
DA:134,13
DA:138,26
DA:207,68
DA:216,1
DA:279,58
DA:284,1
DA:285,1
DA:313,0
DA:326,1
LF:59
LH:54
BRDA:62,0,0,24
BRDA:84,1,0,32
BRDA:84,1,1,0
BRDA:84,1,2,18
BRDA:84,1,3,18
BRDA:84,1,4,0
BRDA:94,2,0,60
BRDA:94,2,1,36
BRDA:94,2,2,36
BRDA:94,2,3,4
BRDA:94,2,4,0
BRDA:110,3,0,2
BRDA:110,3,1,66
BRDA:111,4,0,0
BRDA:111,4,1,66
BRDA:112,5,0,0
BRDA:112,5,1,66
BRDA:118,6,0,13
BRDA:118,6,1,1
BRDA:118,7,0,14
BRDA:118,7,1,14
BRDA:120,8,0,13
BRDA:120,8,1,0
BRDA:143,9,0,24
BRDA:143,9,1,2
BRDA:144,10,0,24
BRDA:144,10,1,2
BRDA:153,11,0,24
BRDA:153,11,1,2
BRDA:178,12,0,26
BRDA:178,12,1,24
BRDA:189,13,0,26
BRDA:189,13,1,24
BRDA:197,14,0,2
BRDA:197,14,1,24
BRDA:213,15,0,0
BRDA:213,15,1,68
BRDA:233,16,0,0
BRDA:233,16,1,68
BRDA:240,17,0,68
BRDA:240,17,1,68
BRDA:276,18,0,68
BRDA:276,18,1,30
BRDA:276,18,2,30
BRDA:300,19,0,68
BRDA:300,19,1,44
BRDA:307,20,0,26
BRDA:307,20,1,24
BRF:48
BRH:40
end_of_record
TN:
SF:src\hooks\useFetch.ts
FN:4,useFetch
FN:9,(anonymous_1)
FN:12,(anonymous_2)
FN:17,(anonymous_3)
FN:18,(anonymous_4)
FNF:5
FNH:0
FNDA:0,useFetch
FNDA:0,(anonymous_1)
FNDA:0,(anonymous_2)
FNDA:0,(anonymous_3)
FNDA:0,(anonymous_4)
DA:2,0
DA:4,0
DA:5,0
DA:6,0
DA:7,0
DA:9,0
DA:10,0
DA:11,0
DA:13,0
DA:14,0
DA:17,0
DA:18,0
DA:21,0
LF:13
LH:0
BRDA:13,0,0,0
BRDA:13,0,1,0
BRF:2
BRH:0
end_of_record
TN:
SF:src\hooks\useJobNimbusConnection.ts
FN:11,useJobNimbusConnection
FN:21,(anonymous_1)
FN:22,(anonymous_2)
FN:23,(anonymous_3)
FN:36,(anonymous_4)
FN:37,(anonymous_5)
FN:38,(anonymous_6)
FN:61,(anonymous_7)
FN:69,(anonymous_8)
FN:70,(anonymous_9)
FN:74,(anonymous_10)
FN:78,(anonymous_11)
FN:83,(anonymous_12)
FN:87,(anonymous_13)
FNF:14
FNH:0
FNDA:0,useJobNimbusConnection
FNDA:0,(anonymous_1)
FNDA:0,(anonymous_2)
FNDA:0,(anonymous_3)
FNDA:0,(anonymous_4)
FNDA:0,(anonymous_5)
FNDA:0,(anonymous_6)
FNDA:0,(anonymous_7)
FNDA:0,(anonymous_8)
FNDA:0,(anonymous_9)
FNDA:0,(anonymous_10)
FNDA:0,(anonymous_11)
FNDA:0,(anonymous_12)
FNDA:0,(anonymous_13)
DA:1,1
DA:2,1
DA:11,1
DA:12,0
DA:18,0
DA:21,0
DA:22,0
DA:23,0
DA:32,0
DA:36,0
DA:37,0
DA:38,0
DA:39,0
DA:40,0
DA:41,0
DA:42,0
DA:43,0
DA:44,0
DA:47,0
DA:49,0
DA:51,0
DA:52,0
DA:56,0
DA:59,0
DA:61,0
DA:62,0
DA:63,0
DA:69,0
DA:70,0
DA:71,0
DA:72,0
DA:74,0
DA:78,0
DA:79,0
DA:80,0
DA:81,0
DA:83,0
DA:87,0
DA:88,0
DA:90,0
DA:92,0
DA:94,0
DA:96,0
DA:98,0
DA:102,0
DA:103,0
DA:104,0
DA:106,0
LF:48
LH:3
BRDA:26,0,0,0
BRDA:26,0,1,0
BRDA:27,1,0,0
BRDA:27,1,1,0
BRDA:27,2,0,0
BRDA:27,2,1,0
BRDA:39,3,0,0
BRDA:39,3,1,0
BRDA:42,4,0,0
BRDA:42,4,1,0
BRDA:49,5,0,0
BRDA:49,5,1,0
BRDA:49,6,0,0
BRDA:49,6,1,0
BRDA:62,7,0,0
BRDA:62,7,1,0
BRDA:79,8,0,0
BRDA:79,8,1,0
BRDA:88,9,0,0
BRDA:88,9,1,0
BRDA:88,9,2,0
BRDA:88,9,3,0
BRDA:88,9,4,0
BRDA:90,10,0,0
BRDA:90,10,1,0
BRDA:104,11,0,0
BRDA:104,11,1,0
BRF:27
BRH:0
end_of_record
TN:
SF:src\services\apiService.ts
FN:15,(anonymous_0)
FN:17,(anonymous_1)
FN:18,(anonymous_2)
FN:22,(anonymous_3)
FN:24,(anonymous_4)
FN:28,(anonymous_5)
FN:33,(anonymous_6)
FN:84,(anonymous_7)
FN:94,(anonymous_8)
FN:105,(anonymous_9)
FN:116,(anonymous_10)
FN:127,(anonymous_11)
FN:138,(anonymous_12)
FN:149,(anonymous_13)
FN:163,(anonymous_14)
FN:173,(anonymous_15)
FN:176,(anonymous_16)
FN:195,(anonymous_17)
FN:198,(anonymous_18)
FN:227,(anonymous_19)
FN:230,(anonymous_20)
FN:256,(anonymous_21)
FN:259,(anonymous_22)
FN:287,(anonymous_23)
FN:292,(anonymous_24)
FNF:25
FNH:6
FNDA:0,(anonymous_0)
FNDA:0,(anonymous_1)
FNDA:0,(anonymous_2)
FNDA:19,(anonymous_3)
FNDA:0,(anonymous_4)
FNDA:10,(anonymous_5)
FNDA:0,(anonymous_6)
FNDA:9,(anonymous_7)
FNDA:3,(anonymous_8)
FNDA:3,(anonymous_9)
FNDA:3,(anonymous_10)
FNDA:0,(anonymous_11)
FNDA:0,(anonymous_12)
FNDA:0,(anonymous_13)
FNDA:0,(anonymous_14)
FNDA:0,(anonymous_15)
FNDA:0,(anonymous_16)
FNDA:0,(anonymous_17)
FNDA:0,(anonymous_18)
FNDA:0,(anonymous_19)
FNDA:0,(anonymous_20)
FNDA:0,(anonymous_21)
FNDA:0,(anonymous_22)
FNDA:0,(anonymous_23)
FNDA:0,(anonymous_24)
DA:4,1
DA:6,1
DA:7,1
DA:8,1
DA:9,1
DA:10,1
DA:11,1
DA:12,1
DA:16,0
DA:17,0
DA:18,0
DA:23,19
DA:24,19
DA:29,10
DA:31,10
DA:32,10
DA:33,10
DA:36,10
DA:37,10
DA:40,10
DA:49,10
DA:55,0
DA:57,0
DA:59,0
DA:60,0
DA:61,0
DA:62,0
DA:64,0
DA:67,0
DA:68,0
DA:71,10
DA:74,10
DA:75,1
DA:76,1
DA:77,1
DA:80,9
DA:81,9
DA:82,9
DA:84,9
DA:85,0
DA:88,0
DA:89,0
DA:95,3
DA:96,3
DA:97,0
DA:98,0
DA:100,0
DA:101,0
DA:106,3
DA:107,3
DA:108,0
DA:109,0
DA:111,0
DA:112,0
DA:117,3
DA:118,3
DA:119,0
DA:120,0
DA:122,0
DA:123,0
DA:128,0
DA:129,0
DA:130,0
DA:131,0
DA:133,0
DA:134,0
DA:139,0
DA:140,0
DA:141,0
DA:142,0
DA:144,0
DA:145,0
DA:150,0
DA:151,0
DA:155,0
DA:157,0
DA:158,0
DA:164,0
DA:165,0
DA:166,0
DA:168,0
DA:174,0
DA:176,0
DA:196,0
DA:198,0
DA:228,0
DA:230,0
DA:257,0
DA:259,0
DA:288,0
DA:293,0
DA:294,0
DA:295,0
DA:296,0
DA:297,0
DA:298,0
DA:300,0
DA:301,0
DA:304,0
DA:305,0
DA:311,1
DA:312,1
LF:102
LH:35
BRDA:28,0,0,9
BRDA:28,1,0,9
BRDA:36,2,0,1
BRDA:36,2,1,9
BRDA:40,3,0,1
BRDA:40,3,1,9
BRDA:57,4,0,0
BRDA:57,4,1,0
BRDA:59,5,0,0
BRDA:59,5,1,0
BRDA:59,6,0,0
BRDA:59,6,1,0
BRDA:74,7,0,1
BRDA:74,7,1,9
BRDA:74,8,0,10
BRDA:74,8,1,1
BRDA:80,9,0,9
BRDA:80,9,1,0
BRDA:101,10,0,0
BRDA:101,10,1,0
BRDA:112,11,0,0
BRDA:112,11,1,0
BRDA:123,12,0,0
BRDA:123,12,1,0
BRDA:134,13,0,0
BRDA:134,13,1,0
BRDA:145,14,0,0
BRDA:145,14,1,0
BRDA:158,15,0,0
BRDA:158,15,1,0
BRDA:174,16,0,0
BRDA:174,16,1,0
BRDA:174,17,0,0
BRDA:174,17,1,0
BRDA:177,18,0,0
BRDA:177,18,1,0
BRDA:177,18,2,0
BRDA:178,19,0,0
BRDA:178,19,1,0
BRDA:178,19,2,0
BRDA:179,20,0,0
BRDA:179,20,1,0
BRDA:179,20,2,0
BRDA:180,21,0,0
BRDA:180,21,1,0
BRDA:180,21,2,0
BRDA:181,22,0,0
BRDA:181,22,1,0
BRDA:181,22,2,0
BRDA:181,22,3,0
BRDA:182,23,0,0
BRDA:182,23,1,0
BRDA:182,23,2,0
BRDA:183,24,0,0
BRDA:183,24,1,0
BRDA:184,25,0,0
BRDA:184,25,1,0
BRDA:184,25,2,0
BRDA:185,26,0,0
BRDA:185,26,1,0
BRDA:185,26,2,0
BRDA:186,27,0,0
BRDA:186,27,1,0
BRDA:186,28,0,0
BRDA:186,28,1,0
BRDA:187,29,0,0
BRDA:187,29,1,0
BRDA:187,29,2,0
BRDA:188,30,0,0
BRDA:188,30,1,0
BRDA:188,30,2,0
BRDA:189,31,0,0
BRDA:189,31,1,0
BRDA:190,32,0,0
BRDA:190,32,1,0
BRDA:190,33,0,0
BRDA:190,33,1,0
BRDA:190,33,2,0
BRDA:191,34,0,0
BRDA:191,34,1,0
BRDA:196,35,0,0
BRDA:196,35,1,0
BRDA:196,36,0,0
BRDA:196,36,1,0
BRDA:199,37,0,0
BRDA:199,37,1,0
BRDA:199,37,2,0
BRDA:200,38,0,0
BRDA:200,38,1,0
BRDA:201,39,0,0
BRDA:201,39,1,0
BRDA:201,39,2,0
BRDA:202,40,0,0
BRDA:202,40,1,0
BRDA:202,40,2,0
BRDA:202,40,3,0
BRDA:202,41,0,0
BRDA:202,41,1,0
BRDA:203,42,0,0
BRDA:203,42,1,0
BRDA:204,43,0,0
BRDA:204,43,1,0
BRDA:205,44,0,0
BRDA:205,44,1,0
BRDA:206,45,0,0
BRDA:206,45,1,0
BRDA:207,46,0,0
BRDA:207,46,1,0
BRDA:208,47,0,0
BRDA:208,47,1,0
BRDA:209,48,0,0
BRDA:209,48,1,0
BRDA:210,49,0,0
BRDA:210,49,1,0
BRDA:211,50,0,0
BRDA:211,50,1,0
BRDA:212,51,0,0
BRDA:212,51,1,0
BRDA:212,51,2,0
BRDA:213,52,0,0
BRDA:213,52,1,0
BRDA:213,52,2,0
BRDA:214,53,0,0
BRDA:214,53,1,0
BRDA:215,54,0,0
BRDA:215,54,1,0
BRDA:215,54,2,0
BRDA:216,55,0,0
BRDA:216,55,1,0
BRDA:216,55,2,0
BRDA:217,56,0,0
BRDA:217,56,1,0
BRDA:218,57,0,0
BRDA:218,57,1,0
BRDA:219,58,0,0
BRDA:219,58,1,0
BRDA:220,59,0,0
BRDA:220,59,1,0
BRDA:221,60,0,0
BRDA:221,60,1,0
BRDA:222,61,0,0
BRDA:222,61,1,0
BRDA:223,62,0,0
BRDA:223,62,1,0
BRDA:223,62,2,0
BRDA:228,63,0,0
BRDA:228,63,1,0
BRDA:228,64,0,0
BRDA:228,64,1,0
BRDA:231,65,0,0
BRDA:231,65,1,0
BRDA:231,65,2,0
BRDA:232,66,0,0
BRDA:232,66,1,0
BRDA:233,67,0,0
BRDA:233,67,1,0
BRDA:234,68,0,0
BRDA:234,68,1,0
BRDA:234,68,2,0
BRDA:234,68,3,0
BRDA:235,69,0,0
BRDA:235,69,1,0
BRDA:236,70,0,0
BRDA:236,70,1,0
BRDA:237,71,0,0
BRDA:237,71,1,0
BRDA:238,72,0,0
BRDA:238,72,1,0
BRDA:239,73,0,0
BRDA:239,73,1,0
BRDA:240,74,0,0
BRDA:240,74,1,0
BRDA:241,75,0,0
BRDA:241,75,1,0
BRDA:242,76,0,0
BRDA:242,76,1,0
BRDA:243,77,0,0
BRDA:243,77,1,0
BRDA:244,78,0,0
BRDA:244,78,1,0
BRDA:244,78,2,0
BRDA:245,79,0,0
BRDA:245,79,1,0
BRDA:246,80,0,0
BRDA:246,80,1,0
BRDA:247,81,0,0
BRDA:247,81,1,0
BRDA:248,82,0,0
BRDA:248,82,1,0
BRDA:248,82,2,0
BRDA:249,83,0,0
BRDA:249,83,1,0
BRDA:250,84,0,0
BRDA:250,84,1,0
BRDA:251,85,0,0
BRDA:251,85,1,0
BRDA:252,86,0,0
BRDA:252,86,1,0
BRDA:257,87,0,0
BRDA:257,87,1,0
BRDA:257,88,0,0
BRDA:257,88,1,0
BRDA:260,89,0,0
BRDA:260,89,1,0
BRDA:260,89,2,0
BRDA:261,90,0,0
BRDA:261,90,1,0
BRDA:262,91,0,0
BRDA:262,91,1,0
BRDA:263,92,0,0
BRDA:263,92,1,0
BRDA:264,93,0,0
BRDA:264,93,1,0
BRDA:264,93,2,0
BRDA:265,94,0,0
BRDA:265,94,1,0
BRDA:266,95,0,0
BRDA:266,95,1,0
BRDA:267,96,0,0
BRDA:267,96,1,0
BRDA:268,97,0,0
BRDA:268,97,1,0
BRDA:269,98,0,0
BRDA:269,98,1,0
BRDA:270,99,0,0
BRDA:270,99,1,0
BRDA:271,100,0,0
BRDA:271,100,1,0
BRDA:272,101,0,0
BRDA:272,101,1,0
BRDA:273,102,0,0
BRDA:273,102,1,0
BRDA:274,103,0,0
BRDA:274,103,1,0
BRDA:275,104,0,0
BRDA:275,104,1,0
BRDA:276,105,0,0
BRDA:276,105,1,0
BRDA:277,106,0,0
BRDA:277,106,1,0
BRDA:278,107,0,0
BRDA:278,107,1,0
BRDA:279,108,0,0
BRDA:279,108,1,0
BRDA:280,109,0,0
BRDA:280,109,1,0
BRDA:281,110,0,0
BRDA:281,110,1,0
BRDA:282,111,0,0
BRDA:282,111,1,0
BRDA:296,112,0,0
BRDA:296,112,1,0
BRF:252
BRH:11
end_of_record
TN:
SF:src\views\ActivitiesView.tsx
FN:115,ActivitiesView
FN:129,(anonymous_1)
FN:156,(anonymous_2)
FN:157,(anonymous_3)
FN:176,(anonymous_4)
FN:206,(anonymous_5)
FN:319,(anonymous_6)
FN:322,(anonymous_7)
FN:331,getActivityTypeName
FN:347,getPriorityFromActivity
FN:356,(anonymous_10)
FN:357,(anonymous_11)
FN:358,(anonymous_12)
FN:368,(anonymous_13)
FN:373,(anonymous_14)
FN:384,(anonymous_15)
FN:389,(anonymous_16)
FN:395,(anonymous_17)
FN:409,(anonymous_18)
FN:423,(anonymous_19)
FN:433,(anonymous_20)
FN:443,(anonymous_21)
FN:453,(anonymous_22)
FN:463,(anonymous_23)
FN:470,(anonymous_24)
FN:477,(anonymous_25)
FN:482,(anonymous_26)
FN:487,(anonymous_27)
FN:492,(anonymous_28)
FN:498,(anonymous_29)
FN:499,(anonymous_30)
FN:499,(anonymous_31)
FN:504,(anonymous_32)
FN:505,(anonymous_33)
FN:505,(anonymous_34)
FN:514,(anonymous_35)
FN:516,(anonymous_36)
FN:517,(anonymous_37)
FN:518,(anonymous_38)
FN:519,(anonymous_39)
FN:520,(anonymous_40)
FN:521,(anonymous_41)
FN:528,(anonymous_42)
FN:696,(anonymous_43)
FN:713,(anonymous_44)
FN:732,(anonymous_45)
FN:747,(anonymous_46)
FN:758,(anonymous_47)
FN:794,(anonymous_48)
FN:915,(anonymous_49)
FN:945,(anonymous_50)
FN:949,(anonymous_51)
FN:992,(anonymous_52)
FN:996,(anonymous_53)
FN:1001,(anonymous_54)
FN:1006,(anonymous_55)
FN:1012,(anonymous_56)
FN:1023,(anonymous_57)
FN:1115,(anonymous_58)
FN:1120,(anonymous_59)
FN:1136,(anonymous_60)
FN:1184,(anonymous_61)
FN:1189,(anonymous_62)
FN:1212,(anonymous_63)
FN:1215,(anonymous_64)
FN:1219,(anonymous_65)
FN:1223,(anonymous_66)
FN:1224,(anonymous_67)
FN:1231,(anonymous_68)
FN:1232,(anonymous_69)
FN:1275,(anonymous_70)
FN:1286,(anonymous_71)
FN:1289,(anonymous_72)
FN:1324,(anonymous_73)
FN:1330,(anonymous_74)
FN:1337,(anonymous_75)
FN:1350,(anonymous_76)
FN:1360,(anonymous_77)
FNF:78
FNH:0
FNDA:0,ActivitiesView
FNDA:0,(anonymous_1)
FNDA:0,(anonymous_2)
FNDA:0,(anonymous_3)
FNDA:0,(anonymous_4)
FNDA:0,(anonymous_5)
FNDA:0,(anonymous_6)
FNDA:0,(anonymous_7)
FNDA:0,getActivityTypeName
FNDA:0,getPriorityFromActivity
FNDA:0,(anonymous_10)
FNDA:0,(anonymous_11)
FNDA:0,(anonymous_12)
FNDA:0,(anonymous_13)
FNDA:0,(anonymous_14)
FNDA:0,(anonymous_15)
FNDA:0,(anonymous_16)
FNDA:0,(anonymous_17)
FNDA:0,(anonymous_18)
FNDA:0,(anonymous_19)
FNDA:0,(anonymous_20)
FNDA:0,(anonymous_21)
FNDA:0,(anonymous_22)
FNDA:0,(anonymous_23)
FNDA:0,(anonymous_24)
FNDA:0,(anonymous_25)
FNDA:0,(anonymous_26)
FNDA:0,(anonymous_27)
FNDA:0,(anonymous_28)
FNDA:0,(anonymous_29)
FNDA:0,(anonymous_30)
FNDA:0,(anonymous_31)
FNDA:0,(anonymous_32)
FNDA:0,(anonymous_33)
FNDA:0,(anonymous_34)
FNDA:0,(anonymous_35)
FNDA:0,(anonymous_36)
FNDA:0,(anonymous_37)
FNDA:0,(anonymous_38)
FNDA:0,(anonymous_39)
FNDA:0,(anonymous_40)
FNDA:0,(anonymous_41)
FNDA:0,(anonymous_42)
FNDA:0,(anonymous_43)
FNDA:0,(anonymous_44)
FNDA:0,(anonymous_45)
FNDA:0,(anonymous_46)
FNDA:0,(anonymous_47)
FNDA:0,(anonymous_48)
FNDA:0,(anonymous_49)
FNDA:0,(anonymous_50)
FNDA:0,(anonymous_51)
FNDA:0,(anonymous_52)
FNDA:0,(anonymous_53)
FNDA:0,(anonymous_54)
FNDA:0,(anonymous_55)
FNDA:0,(anonymous_56)
FNDA:0,(anonymous_57)
FNDA:0,(anonymous_58)
FNDA:0,(anonymous_59)
FNDA:0,(anonymous_60)
FNDA:0,(anonymous_61)
FNDA:0,(anonymous_62)
FNDA:0,(anonymous_63)
FNDA:0,(anonymous_64)
FNDA:0,(anonymous_65)
FNDA:0,(anonymous_66)
FNDA:0,(anonymous_67)
FNDA:0,(anonymous_68)
FNDA:0,(anonymous_69)
FNDA:0,(anonymous_70)
FNDA:0,(anonymous_71)
FNDA:0,(anonymous_72)
FNDA:0,(anonymous_73)
FNDA:0,(anonymous_74)
FNDA:0,(anonymous_75)
FNDA:0,(anonymous_76)
FNDA:0,(anonymous_77)
DA:1,1
DA:2,1
DA:43,1
DA:115,1
DA:116,0
DA:117,0
DA:118,0
DA:119,0
DA:120,0
DA:121,0
DA:122,0
DA:123,0
DA:124,0
DA:125,0
DA:126,0
DA:127,0
DA:129,0
DA:156,0
DA:157,0
DA:158,0
DA:159,0
DA:162,0
DA:164,0
DA:165,0
DA:168,0
DA:171,0
DA:176,0
DA:202,0
DA:203,0
DA:204,0
DA:206,0
DA:207,0
DA:211,0
DA:214,0
DA:315,0
DA:316,0
DA:317,0
DA:319,0
DA:320,0
DA:322,0
DA:327,0
DA:332,0
DA:343,0
DA:349,0
DA:351,0
DA:355,0
DA:356,0
DA:357,0
DA:358,0
DA:362,0
DA:365,0
DA:368,0
DA:369,0
DA:372,0
DA:373,0
DA:374,0
DA:383,0
DA:384,0
DA:388,0
DA:389,0
DA:392,0
DA:395,0
DA:396,0
DA:397,0
DA:398,0
DA:399,0
DA:400,0
DA:401,0
DA:402,0
DA:403,0
DA:404,0
DA:405,0
DA:409,0
DA:410,0
DA:411,0
DA:412,0
DA:413,0
DA:414,0
DA:415,0
DA:416,0
DA:417,0
DA:418,0
DA:419,0
DA:423,0
DA:424,0
DA:425,0
DA:426,0
DA:427,0
DA:428,0
DA:429,0
DA:433,0
DA:434,0
DA:435,0
DA:436,0
DA:437,0
DA:438,0
DA:439,0
DA:443,0
DA:444,0
DA:445,0
DA:446,0
DA:447,0
DA:448,0
DA:449,0
DA:453,0
DA:454,0
DA:463,0
DA:464,0
DA:465,0
DA:466,0
DA:467,0
DA:470,0
DA:471,0
DA:477,0
DA:478,0
DA:479,0
DA:482,0
DA:483,0
DA:484,0
DA:487,0
DA:488,0
DA:489,0
DA:492,0
DA:493,0
DA:494,0
DA:495,0
DA:498,0
DA:499,0
DA:500,0
DA:501,0
DA:504,0
DA:505,0
DA:506,0
DA:510,0
DA:511,0
DA:514,0
DA:515,0
DA:516,0
DA:517,0
DA:518,0
DA:519,0
DA:520,0
DA:521,0
DA:523,0
DA:526,0
DA:528,0
DA:529,0
DA:532,0
DA:533,0
DA:543,0
DA:696,0
DA:713,0
DA:732,0
DA:747,0
DA:758,0
DA:795,0
DA:915,0
DA:946,0
DA:947,0
DA:950,0
DA:954,0
DA:992,0
DA:996,0
DA:1001,0
DA:1006,0
DA:1012,0
DA:1023,0
DA:1115,0
DA:1121,0
DA:1125,0
DA:1136,0
DA:1184,0
DA:1190,0
DA:1191,0
DA:1192,0
DA:1193,0
DA:1212,1
DA:1213,0
DA:1215,0
DA:1216,0
DA:1219,0
DA:1220,0
DA:1223,0
DA:1224,0
DA:1225,0
DA:1226,0
DA:1227,0
DA:1231,0
DA:1232,0
DA:1233,0
DA:1234,0
DA:1235,0
DA:1237,0
DA:1239,0
DA:1243,0
DA:1244,0
DA:1245,0
DA:1247,0
DA:1250,0
DA:1251,0
DA:1258,0
DA:1259,0
DA:1260,0
DA:1261,0
DA:1263,0
DA:1275,0
DA:1287,0
DA:1290,0
DA:1291,0
DA:1320,0
DA:1324,0
DA:1330,0
DA:1338,0
DA:1351,0
DA:1360,1
DA:1361,0
DA:1362,0
DA:1363,0
DA:1364,0
DA:1365,0
DA:1366,0
LF:221
LH:6
BRDA:164,0,0,0
BRDA:164,0,1,0
BRDA:171,1,0,0
BRDA:171,1,1,0
BRDA:173,2,0,0
BRDA:173,2,1,0
BRDA:177,3,0,0
BRDA:177,3,1,0
BRDA:177,3,2,0
BRDA:178,4,0,0
BRDA:178,4,1,0
BRDA:179,5,0,0
BRDA:179,5,1,0
BRDA:180,6,0,0
BRDA:180,6,1,0
BRDA:180,7,0,0
BRDA:180,7,1,0
BRDA:181,8,0,0
BRDA:181,8,1,0
BRDA:181,8,2,0
BRDA:181,8,3,0
BRDA:182,9,0,0
BRDA:182,9,1,0
BRDA:182,9,2,0
BRDA:183,10,0,0
BRDA:183,10,1,0
BRDA:184,11,0,0
BRDA:184,11,1,0
BRDA:185,12,0,0
BRDA:185,12,1,0
BRDA:186,13,0,0
BRDA:186,13,1,0
BRDA:187,14,0,0
BRDA:187,14,1,0
BRDA:187,14,2,0
BRDA:188,15,0,0
BRDA:188,15,1,0
BRDA:188,15,2,0
BRDA:188,15,3,0
BRDA:189,16,0,0
BRDA:189,16,1,0
BRDA:189,16,2,0
BRDA:189,16,3,0
BRDA:190,17,0,0
BRDA:190,17,1,0
BRDA:190,18,0,0
BRDA:190,18,1,0
BRDA:190,19,0,0
BRDA:190,19,1,0
BRDA:191,20,0,0
BRDA:191,20,1,0
BRDA:191,20,2,0
BRDA:191,20,3,0
BRDA:192,21,0,0
BRDA:192,21,1,0
BRDA:193,22,0,0
BRDA:193,22,1,0
BRDA:193,22,2,0
BRDA:194,23,0,0
BRDA:194,23,1,0
BRDA:194,23,2,0
BRDA:195,24,0,0
BRDA:195,24,1,0
BRDA:196,25,0,0
BRDA:196,25,1,0
BRDA:198,26,0,0
BRDA:198,26,1,0
BRDA:198,26,2,0
BRDA:199,27,0,0
BRDA:199,27,1,0
BRDA:199,27,2,0
BRDA:343,28,0,0
BRDA:343,28,1,0
BRDA:349,29,0,0
BRDA:349,29,1,0
BRDA:349,30,0,0
BRDA:349,30,1,0
BRDA:349,30,2,0
BRDA:355,31,0,0
BRDA:355,31,1,0
BRDA:356,32,0,0
BRDA:356,32,1,0
BRDA:356,33,0,0
BRDA:356,33,1,0
BRDA:356,33,2,0
BRDA:357,34,0,0
BRDA:357,34,1,0
BRDA:357,35,0,0
BRDA:357,35,1,0
BRDA:357,35,2,0
BRDA:358,36,0,0
BRDA:358,36,1,0
BRDA:358,37,0,0
BRDA:358,37,1,0
BRDA:358,37,2,0
BRDA:362,38,0,0
BRDA:362,38,1,0
BRDA:362,39,0,0
BRDA:362,39,1,0
BRDA:362,39,2,0
BRDA:372,40,0,0
BRDA:372,40,1,0
BRDA:374,41,0,0
BRDA:374,41,1,0
BRDA:374,41,2,0
BRDA:374,41,3,0
BRDA:374,41,4,0
BRDA:383,42,0,0
BRDA:383,42,1,0
BRDA:388,43,0,0
BRDA:388,43,1,0
BRDA:396,44,0,0
BRDA:396,44,1,0
BRDA:396,44,2,0
BRDA:396,44,3,0
BRDA:396,44,4,0
BRDA:396,44,5,0
BRDA:396,44,6,0
BRDA:396,44,7,0
BRDA:396,44,8,0
BRDA:410,45,0,0
BRDA:410,45,1,0
BRDA:410,45,2,0
BRDA:410,45,3,0
BRDA:410,45,4,0
BRDA:410,45,5,0
BRDA:410,45,6,0
BRDA:410,45,7,0
BRDA:410,45,8,0
BRDA:424,46,0,0
BRDA:424,46,1,0
BRDA:424,46,2,0
BRDA:424,46,3,0
BRDA:424,46,4,0
BRDA:434,47,0,0
BRDA:434,47,1,0
BRDA:434,47,2,0
BRDA:434,47,3,0
BRDA:434,47,4,0
BRDA:444,48,0,0
BRDA:444,48,1,0
BRDA:444,48,2,0
BRDA:444,48,3,0
BRDA:444,48,4,0
BRDA:464,49,0,0
BRDA:464,49,1,0
BRDA:467,50,0,0
BRDA:467,50,1,0
BRDA:506,51,0,0
BRDA:506,51,1,0
BRDA:520,52,0,0
BRDA:520,52,1,0
BRDA:521,53,0,0
BRDA:521,53,1,0
BRDA:532,54,0,0
BRDA:532,54,1,0
BRDA:777,55,0,0
BRDA:777,55,1,0
BRDA:816,56,0,0
BRDA:816,56,1,0
BRDA:855,57,0,0
BRDA:855,57,1,0
BRDA:864,58,0,0
BRDA:864,58,1,0
BRDA:870,59,0,0
BRDA:870,59,1,0
BRDA:871,60,0,0
BRDA:871,60,1,0
BRDA:882,61,0,0
BRDA:882,61,1,0
BRDA:892,62,0,0
BRDA:892,62,1,0
BRDA:898,63,0,0
BRDA:898,63,1,0
BRDA:906,64,0,0
BRDA:906,64,1,0
BRDA:906,64,2,0
BRDA:926,65,0,0
BRDA:926,65,1,0
BRDA:940,66,0,0
BRDA:940,66,1,0
BRDA:960,67,0,0
BRDA:960,67,1,0
BRDA:974,68,0,0
BRDA:974,68,1,0
BRDA:974,68,2,0
BRDA:992,69,0,0
BRDA:992,69,1,0
BRDA:1000,70,0,0
BRDA:1000,70,1,0
BRDA:1001,71,0,0
BRDA:1001,71,1,0
BRDA:1012,72,0,0
BRDA:1012,72,1,0
BRDA:1028,73,0,0
BRDA:1028,73,1,0
BRDA:1036,74,0,0
BRDA:1036,74,1,0
BRDA:1045,75,0,0
BRDA:1045,75,1,0
BRDA:1052,76,0,0
BRDA:1052,76,1,0
BRDA:1070,77,0,0
BRDA:1070,77,1,0
BRDA:1085,78,0,0
BRDA:1085,78,1,0
BRDA:1093,79,0,0
BRDA:1093,79,1,0
BRDA:1100,80,0,0
BRDA:1100,80,1,0
BRDA:1109,81,0,0
BRDA:1109,81,1,0
BRDA:1122,82,0,0
BRDA:1122,82,1,0
BRDA:1128,83,0,0
BRDA:1128,83,1,0
BRDA:1144,84,0,0
BRDA:1144,84,1,0
BRDA:1163,85,0,0
BRDA:1163,85,1,0
BRDA:1169,86,0,0
BRDA:1169,86,1,0
BRDA:1174,87,0,0
BRDA:1174,87,1,0
BRDA:1178,88,0,0
BRDA:1178,88,1,0
BRDA:1190,89,0,0
BRDA:1190,89,1,0
BRDA:1225,90,0,0
BRDA:1225,90,1,0
BRDA:1234,91,0,0
BRDA:1234,91,1,0
BRDA:1271,92,0,0
BRDA:1271,92,1,0
BRDA:1279,93,0,0
BRDA:1279,93,1,0
BRDA:1280,94,0,0
BRDA:1280,94,1,0
BRDA:1310,95,0,0
BRDA:1310,95,1,0
BRDA:1361,96,0,0
BRDA:1361,96,1,0
BRDA:1361,96,2,0
BRDA:1361,96,3,0
BRDA:1361,96,4,0
BRF:245
BRH:0
end_of_record
TN:
SF:src\views\AnalyticsView.tsx
FN:125,AnalyticsView
FN:135,(anonymous_1)
FN:136,(anonymous_2)
FN:164,(anonymous_3)
FN:243,(anonymous_4)
FN:252,(anonymous_5)
FN:254,(anonymous_6)
FN:264,(anonymous_7)
FN:269,(anonymous_8)
FN:276,(anonymous_9)
FN:277,(anonymous_10)
FN:278,(anonymous_11)
FN:307,(anonymous_12)
FN:309,(anonymous_13)
FN:310,(anonymous_14)
FN:319,(anonymous_15)
FN:325,(anonymous_16)
FN:327,(anonymous_17)
FN:340,(anonymous_18)
FN:347,(anonymous_19)
FN:349,(anonymous_20)
FN:350,(anonymous_21)
FN:359,(anonymous_22)
FN:364,(anonymous_23)
FN:368,(anonymous_24)
FN:378,(anonymous_25)
FN:411,(anonymous_26)
FN:418,(anonymous_27)
FN:422,(anonymous_28)
FN:431,(anonymous_29)
FN:440,(anonymous_30)
FN:444,(anonymous_31)
FN:450,(anonymous_32)
FN:454,(anonymous_33)
FN:499,(anonymous_34)
FN:514,(anonymous_35)
FN:530,(anonymous_36)
FN:546,(anonymous_37)
FN:785,(anonymous_38)
FN:859,(anonymous_39)
FN:861,(anonymous_40)
FN:870,(anonymous_41)
FN:902,(anonymous_42)
FN:909,(anonymous_43)
FN:932,(anonymous_44)
FN:979,(anonymous_45)
FN:987,(anonymous_46)
FN:995,(anonymous_47)
FN:1003,(anonymous_48)
FN:1062,(anonymous_49)
FN:1069,(anonymous_50)
FN:1087,(anonymous_51)
FN:1102,(anonymous_52)
FN:1113,(anonymous_53)
FN:1124,(anonymous_54)
FN:1135,(anonymous_55)
FN:1144,(anonymous_56)
FNF:57
FNH:0
FNDA:0,AnalyticsView
FNDA:0,(anonymous_1)
FNDA:0,(anonymous_2)
FNDA:0,(anonymous_3)
FNDA:0,(anonymous_4)
FNDA:0,(anonymous_5)
FNDA:0,(anonymous_6)
FNDA:0,(anonymous_7)
FNDA:0,(anonymous_8)
FNDA:0,(anonymous_9)
FNDA:0,(anonymous_10)
FNDA:0,(anonymous_11)
FNDA:0,(anonymous_12)
FNDA:0,(anonymous_13)
FNDA:0,(anonymous_14)
FNDA:0,(anonymous_15)
FNDA:0,(anonymous_16)
FNDA:0,(anonymous_17)
FNDA:0,(anonymous_18)
FNDA:0,(anonymous_19)
FNDA:0,(anonymous_20)
FNDA:0,(anonymous_21)
FNDA:0,(anonymous_22)
FNDA:0,(anonymous_23)
FNDA:0,(anonymous_24)
FNDA:0,(anonymous_25)
FNDA:0,(anonymous_26)
FNDA:0,(anonymous_27)
FNDA:0,(anonymous_28)
FNDA:0,(anonymous_29)
FNDA:0,(anonymous_30)
FNDA:0,(anonymous_31)
FNDA:0,(anonymous_32)
FNDA:0,(anonymous_33)
FNDA:0,(anonymous_34)
FNDA:0,(anonymous_35)
FNDA:0,(anonymous_36)
FNDA:0,(anonymous_37)
FNDA:0,(anonymous_38)
FNDA:0,(anonymous_39)
FNDA:0,(anonymous_40)
FNDA:0,(anonymous_41)
FNDA:0,(anonymous_42)
FNDA:0,(anonymous_43)
FNDA:0,(anonymous_44)
FNDA:0,(anonymous_45)
FNDA:0,(anonymous_46)
FNDA:0,(anonymous_47)
FNDA:0,(anonymous_48)
FNDA:0,(anonymous_49)
FNDA:0,(anonymous_50)
FNDA:0,(anonymous_51)
FNDA:0,(anonymous_52)
FNDA:0,(anonymous_53)
FNDA:0,(anonymous_54)
FNDA:0,(anonymous_55)
FNDA:0,(anonymous_56)
DA:1,1
DA:2,1
DA:17,1
DA:62,1
DA:125,1
DA:126,0
DA:127,0
DA:128,0
DA:129,0
DA:130,0
DA:131,0
DA:132,0
DA:133,0
DA:135,0
DA:136,0
DA:137,0
DA:138,0
DA:141,0
DA:148,0
DA:149,0
DA:152,0
DA:160,0
DA:161,0
DA:162,0
DA:164,0
DA:165,0
DA:169,0
DA:172,0
DA:240,0
DA:241,0
DA:243,0
DA:244,0
DA:249,0
DA:252,0
DA:253,0
DA:254,0
DA:255,0
DA:258,0
DA:259,0
DA:260,0
DA:261,0
DA:264,0
DA:265,0
DA:269,0
DA:271,0
DA:272,0
DA:273,0
DA:276,0
DA:277,0
DA:278,0
DA:279,0
DA:280,0
DA:283,0
DA:284,0
DA:285,0
DA:286,0
DA:288,0
DA:307,0
DA:308,0
DA:309,0
DA:310,0
DA:311,0
DA:312,0
DA:313,0
DA:314,0
DA:317,0
DA:319,0
DA:325,0
DA:326,0
DA:327,0
DA:328,0
DA:329,0
DA:332,0
DA:340,0
DA:347,0
DA:348,0
DA:349,0
DA:350,0
DA:351,0
DA:352,0
DA:353,0
DA:356,0
DA:359,0
DA:364,0
DA:365,0
DA:366,0
DA:368,0
DA:369,0
DA:370,0
DA:378,0
DA:379,0
DA:411,0
DA:412,0
DA:418,0
DA:419,0
DA:422,0
DA:423,0
DA:424,0
DA:425,0
DA:426,0
DA:428,0
DA:431,0
DA:432,0
DA:433,0
DA:434,0
DA:435,0
DA:436,0
DA:440,0
DA:441,0
DA:444,0
DA:445,0
DA:446,0
DA:450,0
DA:451,0
DA:452,0
DA:454,0
DA:455,0
DA:456,0
DA:460,0
DA:461,0
DA:471,0
DA:472,0
DA:481,0
DA:499,0
DA:514,0
DA:530,0
DA:546,0
DA:785,0
DA:859,0
DA:862,0
DA:871,0
DA:902,0
DA:910,0
DA:933,0
DA:979,0
DA:987,0
DA:995,0
DA:1003,0
DA:1062,0
DA:1069,0
DA:1087,0
DA:1102,0
DA:1113,0
DA:1124,0
DA:1135,0
DA:1144,0
LF:146
LH:5
BRDA:148,0,0,0
BRDA:148,0,1,0
BRDA:148,1,0,0
BRDA:148,1,1,0
BRDA:148,1,2,0
BRDA:148,1,3,0
BRDA:253,2,0,0
BRDA:253,2,1,0
BRDA:259,3,0,0
BRDA:259,3,1,0
BRDA:265,4,0,0
BRDA:265,4,1,0
BRDA:271,5,0,0
BRDA:271,5,1,0
BRDA:271,6,0,0
BRDA:271,6,1,0
BRDA:272,7,0,0
BRDA:272,7,1,0
BRDA:272,8,0,0
BRDA:272,8,1,0
BRDA:273,9,0,0
BRDA:273,9,1,0
BRDA:273,10,0,0
BRDA:273,10,1,0
BRDA:276,11,0,0
BRDA:276,11,1,0
BRDA:276,11,2,0
BRDA:277,12,0,0
BRDA:277,12,1,0
BRDA:278,13,0,0
BRDA:278,13,1,0
BRDA:279,14,0,0
BRDA:279,14,1,0
BRDA:280,15,0,0
BRDA:280,15,1,0
BRDA:319,16,0,0
BRDA:319,16,1,0
BRDA:328,17,0,0
BRDA:328,17,1,0
BRDA:328,17,2,0
BRDA:329,18,0,0
BRDA:329,18,1,0
BRDA:343,19,0,0
BRDA:343,19,1,0
BRDA:359,20,0,0
BRDA:359,20,1,0
BRDA:395,21,0,0
BRDA:395,21,1,0
BRDA:399,22,0,0
BRDA:399,22,1,0
BRDA:423,23,0,0
BRDA:423,23,1,0
BRDA:423,24,0,0
BRDA:423,24,1,0
BRDA:425,25,0,0
BRDA:425,25,1,0
BRDA:425,26,0,0
BRDA:425,26,1,0
BRDA:432,27,0,0
BRDA:432,27,1,0
BRDA:432,27,2,0
BRDA:432,27,3,0
BRDA:460,28,0,0
BRDA:460,28,1,0
BRDA:471,29,0,0
BRDA:471,29,1,0
BRDA:563,30,0,0
BRDA:563,30,1,0
BRDA:590,31,0,0
BRDA:590,31,1,0
BRDA:620,32,0,0
BRDA:620,32,1,0
BRDA:650,33,0,0
BRDA:650,33,1,0
BRDA:680,34,0,0
BRDA:680,34,1,0
BRDA:710,35,0,0
BRDA:710,35,1,0
BRDA:740,36,0,0
BRDA:740,36,1,0
BRDA:767,37,0,0
BRDA:767,37,1,0
BRDA:786,38,0,0
BRDA:786,38,1,0
BRDA:787,39,0,0
BRDA:787,39,1,0
BRDA:842,40,0,0
BRDA:842,40,1,0
BRDA:902,41,0,0
BRDA:902,41,1,0
BRDA:928,42,0,0
BRDA:928,42,1,0
BRDA:945,43,0,0
BRDA:945,43,1,0
BRDA:947,44,0,0
BRDA:947,44,1,0
BRDA:947,45,0,0
BRDA:947,45,1,0
BRDA:948,46,0,0
BRDA:948,46,1,0
BRDA:951,47,0,0
BRDA:951,47,1,0
BRDA:952,48,0,0
BRDA:952,48,1,0
BRDA:969,49,0,0
BRDA:969,49,1,0
BRF:106
BRH:0
end_of_record
TN:
SF:src\views\ChatView.tsx
FN:52,ChatView
FN:101,(anonymous_1)
FN:105,(anonymous_2)
FN:115,(anonymous_3)
FN:149,(anonymous_4)
FN:166,(anonymous_5)
FN:183,(anonymous_6)
FN:219,(anonymous_7)
FN:235,(anonymous_8)
FN:241,(anonymous_9)
FN:308,(anonymous_10)
FN:317,(anonymous_11)
FN:321,(anonymous_12)
FN:337,(anonymous_13)
FN:343,(anonymous_14)
FN:347,(anonymous_15)
FN:412,(anonymous_16)
FN:476,(anonymous_17)
FN:482,(anonymous_18)
FN:530,(anonymous_19)
FN:531,(anonymous_20)
FN:542,(anonymous_21)
FNF:22
FNH:0
FNDA:0,ChatView
FNDA:0,(anonymous_1)
FNDA:0,(anonymous_2)
FNDA:0,(anonymous_3)
FNDA:0,(anonymous_4)
FNDA:0,(anonymous_5)
FNDA:0,(anonymous_6)
FNDA:0,(anonymous_7)
FNDA:0,(anonymous_8)
FNDA:0,(anonymous_9)
FNDA:0,(anonymous_10)
FNDA:0,(anonymous_11)
FNDA:0,(anonymous_12)
FNDA:0,(anonymous_13)
FNDA:0,(anonymous_14)
FNDA:0,(anonymous_15)
FNDA:0,(anonymous_16)
FNDA:0,(anonymous_17)
FNDA:0,(anonymous_18)
FNDA:0,(anonymous_19)
FNDA:0,(anonymous_20)
FNDA:0,(anonymous_21)
DA:1,1
DA:2,1
DA:23,1
DA:52,1
DA:53,0
DA:67,0
DA:68,0
DA:69,0
DA:71,0
DA:101,0
DA:102,0
DA:105,0
DA:106,0
DA:108,0
DA:115,0
DA:116,0
DA:117,0
DA:119,0
DA:121,0
DA:129,0
DA:130,0
DA:133,0
DA:136,0
DA:138,0
DA:139,0
DA:140,0
DA:144,0
DA:145,0
DA:147,0
DA:148,0
DA:149,0
DA:150,0
DA:151,0
DA:156,0
DA:157,0
DA:161,0
DA:162,0
DA:164,0
DA:165,0
DA:166,0
DA:167,0
DA:168,0
DA:173,0
DA:174,0
DA:178,0
DA:179,0
DA:181,0
DA:182,0
DA:183,0
DA:184,0
DA:185,0
DA:190,0
DA:191,0
DA:192,0
DA:193,0
DA:194,0
DA:195,0
DA:198,0
DA:199,0
DA:204,0
DA:205,0
DA:206,0
DA:207,0
DA:208,0
DA:211,0
DA:219,0
DA:220,0
DA:221,0
DA:224,0
DA:227,0
DA:235,0
DA:236,0
DA:237,0
DA:241,0
DA:242,0
DA:289,0
DA:290,0
DA:291,0
DA:292,0
DA:294,0
DA:308,0
DA:309,0
DA:317,0
DA:318,0
DA:321,0
DA:322,0
DA:328,0
DA:338,0
DA:344,0
DA:347,0
DA:413,0
DA:477,0
DA:482,0
DA:530,0
DA:532,0
DA:533,0
DA:534,0
DA:542,0
LF:98
LH:4
BRDA:105,0,0,0
BRDA:106,1,0,0
BRDA:106,1,1,0
BRDA:129,2,0,0
BRDA:129,2,1,0
BRDA:138,3,0,0
BRDA:138,3,1,0
BRDA:139,4,0,0
BRDA:139,4,1,0
BRDA:140,5,0,0
BRDA:140,5,1,0
BRDA:142,6,0,0
BRDA:142,6,1,0
BRDA:147,7,0,0
BRDA:147,7,1,0
BRDA:150,8,0,0
BRDA:150,8,1,0
BRDA:150,8,2,0
BRDA:150,9,0,0
BRDA:150,9,1,0
BRDA:150,9,2,0
BRDA:151,10,0,0
BRDA:151,10,1,0
BRDA:151,10,2,0
BRDA:156,11,0,0
BRDA:156,11,1,0
BRDA:157,12,0,0
BRDA:157,12,1,0
BRDA:159,13,0,0
BRDA:159,13,1,0
BRDA:164,14,0,0
BRDA:164,14,1,0
BRDA:167,15,0,0
BRDA:167,15,1,0
BRDA:167,15,2,0
BRDA:168,16,0,0
BRDA:168,16,1,0
BRDA:173,17,0,0
BRDA:173,17,1,0
BRDA:174,18,0,0
BRDA:174,18,1,0
BRDA:176,19,0,0
BRDA:176,19,1,0
BRDA:181,20,0,0
BRDA:181,20,1,0
BRDA:184,21,0,0
BRDA:184,21,1,0
BRDA:184,21,2,0
BRDA:185,22,0,0
BRDA:185,22,1,0
BRDA:190,23,0,0
BRDA:190,23,1,0
BRDA:198,24,0,0
BRDA:198,24,1,0
BRDA:204,25,0,0
BRDA:204,25,1,0
BRDA:230,26,0,0
BRDA:230,26,1,0
BRDA:290,27,0,0
BRDA:290,27,1,0
BRDA:291,28,0,0
BRDA:291,28,1,0
BRDA:291,29,0,0
BRDA:291,29,1,0
BRDA:292,30,0,0
BRDA:292,30,1,0
BRDA:416,31,0,0
BRDA:416,31,1,0
BRDA:427,32,0,0
BRDA:427,32,1,0
BRDA:437,33,0,0
BRDA:437,33,1,0
BRDA:438,34,0,0
BRDA:438,34,1,0
BRDA:454,35,0,0
BRDA:454,35,1,0
BRDA:470,36,0,0
BRDA:470,36,1,0
BRDA:491,37,0,0
BRDA:491,37,1,0
BRDA:501,38,0,0
BRDA:501,38,1,0
BRDA:532,39,0,0
BRDA:532,39,1,0
BRDA:532,40,0,0
BRDA:532,40,1,0
BRDA:543,41,0,0
BRDA:543,41,1,0
BRF:88
BRH:0
end_of_record
TN:
SF:src\views\ContactsView.tsx
FN:82,ContactsView
FN:98,(anonymous_1)
FN:121,(anonymous_2)
FN:126,(anonymous_3)
FN:132,(anonymous_4)
FN:137,(anonymous_5)
FN:147,(anonymous_6)
FN:153,(anonymous_7)
FN:163,(anonymous_8)
FN:173,(anonymous_9)
FN:181,(anonymous_10)
FN:188,(anonymous_11)
FN:193,(anonymous_12)
FN:198,(anonymous_13)
FN:204,(anonymous_14)
FN:205,(anonymous_15)
FN:205,(anonymous_16)
FN:210,(anonymous_17)
FN:211,(anonymous_18)
FN:211,(anonymous_19)
FN:217,(anonymous_20)
FN:222,(anonymous_21)
FN:224,(anonymous_22)
FN:225,(anonymous_23)
FN:226,(anonymous_24)
FN:227,(anonymous_25)
FN:399,(anonymous_26)
FN:416,(anonymous_27)
FN:432,(anonymous_28)
FN:457,(anonymous_29)
FN:527,(anonymous_30)
FN:539,(anonymous_31)
FN:567,(anonymous_32)
FN:571,(anonymous_33)
FN:575,(anonymous_34)
FN:581,(anonymous_35)
FN:592,(anonymous_36)
FN:661,(anonymous_37)
FN:666,(anonymous_38)
FNF:39
FNH:0
FNDA:0,ContactsView
FNDA:0,(anonymous_1)
FNDA:0,(anonymous_2)
FNDA:0,(anonymous_3)
FNDA:0,(anonymous_4)
FNDA:0,(anonymous_5)
FNDA:0,(anonymous_6)
FNDA:0,(anonymous_7)
FNDA:0,(anonymous_8)
FNDA:0,(anonymous_9)
FNDA:0,(anonymous_10)
FNDA:0,(anonymous_11)
FNDA:0,(anonymous_12)
FNDA:0,(anonymous_13)
FNDA:0,(anonymous_14)
FNDA:0,(anonymous_15)
FNDA:0,(anonymous_16)
FNDA:0,(anonymous_17)
FNDA:0,(anonymous_18)
FNDA:0,(anonymous_19)
FNDA:0,(anonymous_20)
FNDA:0,(anonymous_21)
FNDA:0,(anonymous_22)
FNDA:0,(anonymous_23)
FNDA:0,(anonymous_24)
FNDA:0,(anonymous_25)
FNDA:0,(anonymous_26)
FNDA:0,(anonymous_27)
FNDA:0,(anonymous_28)
FNDA:0,(anonymous_29)
FNDA:0,(anonymous_30)
FNDA:0,(anonymous_31)
FNDA:0,(anonymous_32)
FNDA:0,(anonymous_33)
FNDA:0,(anonymous_34)
FNDA:0,(anonymous_35)
FNDA:0,(anonymous_36)
FNDA:0,(anonymous_37)
FNDA:0,(anonymous_38)
DA:1,1
DA:2,1
DA:3,1
DA:4,1
DA:38,1
DA:82,1
DA:83,0
DA:84,0
DA:85,0
DA:86,0
DA:87,0
DA:88,0
DA:89,0
DA:90,0
DA:91,0
DA:94,0
DA:98,0
DA:99,0
DA:100,0
DA:103,0
DA:105,0
DA:106,0
DA:107,0
DA:109,0
DA:112,0
DA:113,0
DA:114,0
DA:115,0
DA:117,0
DA:121,0
DA:122,0
DA:126,0
DA:127,0
DA:128,0
DA:132,0
DA:133,0
DA:136,0
DA:137,0
DA:138,0
DA:146,0
DA:147,0
DA:150,0
DA:153,0
DA:154,0
DA:155,0
DA:156,0
DA:157,0
DA:158,0
DA:159,0
DA:163,0
DA:164,0
DA:165,0
DA:166,0
DA:167,0
DA:168,0
DA:169,0
DA:173,0
DA:174,0
DA:181,0
DA:182,0
DA:188,0
DA:189,0
DA:190,0
DA:193,0
DA:194,0
DA:195,0
DA:198,0
DA:199,0
DA:200,0
DA:201,0
DA:204,0
DA:205,0
DA:206,0
DA:207,0
DA:210,0
DA:211,0
DA:212,0
DA:214,0
DA:217,0
DA:218,0
DA:219,0
DA:222,0
DA:223,0
DA:224,0
DA:225,0
DA:226,0
DA:227,0
DA:228,0
DA:231,0
DA:234,0
DA:236,0
DA:237,0
DA:247,0
DA:399,0
DA:416,0
DA:432,0
DA:458,0
DA:528,0
DA:539,0
DA:567,0
DA:571,0
DA:575,0
DA:581,0
DA:592,0
DA:661,0
DA:667,0
DA:671,0
LF:107
LH:6
BRDA:117,0,0,0
BRDA:117,0,1,0
BRDA:127,1,0,0
BRDA:127,1,1,0
BRDA:127,2,0,0
BRDA:127,2,1,0
BRDA:127,2,2,0
BRDA:136,3,0,0
BRDA:136,3,1,0
BRDA:138,4,0,0
BRDA:138,4,1,0
BRDA:138,4,2,0
BRDA:138,4,3,0
BRDA:146,5,0,0
BRDA:146,5,1,0
BRDA:154,6,0,0
BRDA:154,6,1,0
BRDA:154,6,2,0
BRDA:154,6,3,0
BRDA:154,6,4,0
BRDA:164,7,0,0
BRDA:164,7,1,0
BRDA:164,7,2,0
BRDA:164,7,3,0
BRDA:164,7,4,0
BRDA:212,8,0,0
BRDA:212,8,1,0
BRDA:226,9,0,0
BRDA:226,9,1,0
BRDA:236,10,0,0
BRDA:236,10,1,0
BRDA:366,11,0,0
BRDA:366,11,1,0
BRDA:371,12,0,0
BRDA:371,12,1,0
BRDA:379,13,0,0
BRDA:379,13,1,0
BRDA:467,14,0,0
BRDA:467,14,1,0
BRDA:515,15,0,0
BRDA:515,15,1,0
BRDA:521,16,0,0
BRDA:521,16,1,0
BRDA:549,17,0,0
BRDA:549,17,1,0
BRDA:552,18,0,0
BRDA:552,18,1,0
BRDA:555,19,0,0
BRDA:555,19,1,0
BRDA:567,20,0,0
BRDA:567,20,1,0
BRDA:571,21,0,0
BRDA:571,21,1,0
BRDA:572,22,0,0
BRDA:572,22,1,0
BRDA:573,23,0,0
BRDA:573,23,1,0
BRDA:581,24,0,0
BRDA:581,24,1,0
BRDA:597,25,0,0
BRDA:597,25,1,0
BRDA:605,26,0,0
BRDA:605,26,1,0
BRDA:612,27,0,0
BRDA:612,27,1,0
BRDA:620,28,0,0
BRDA:620,28,1,0
BRDA:627,29,0,0
BRDA:627,29,1,0
BRDA:634,30,0,0
BRDA:634,30,1,0
BRDA:641,31,0,0
BRDA:641,31,1,0
BRDA:648,32,0,0
BRDA:648,32,1,0
BRDA:655,33,0,0
BRDA:655,33,1,0
BRDA:668,34,0,0
BRDA:668,34,1,0
BRDA:674,35,0,0
BRDA:674,35,1,0
BRF:81
BRH:0
end_of_record
TN:
SF:src\views\DashboardView.tsx
FN:70,(anonymous_1)
FN:144,DashboardView
FN:176,(anonymous_3)
FN:275,(anonymous_4)
FN:276,(anonymous_5)
FN:305,(anonymous_6)
FN:340,(anonymous_7)
FN:387,(anonymous_8)
FN:390,(anonymous_9)
FN:398,(anonymous_10)
FN:402,(anonymous_11)
FN:406,(anonymous_12)
FN:413,(anonymous_13)
FN:422,(anonymous_14)
FN:432,(anonymous_15)
FN:470,(anonymous_16)
FN:477,(anonymous_17)
FN:487,(anonymous_18)
FN:514,(anonymous_19)
FN:526,(anonymous_20)
FN:538,(anonymous_21)
FN:550,(anonymous_22)
FN:562,(anonymous_23)
FN:574,(anonymous_24)
FN:603,(anonymous_25)
FN:658,(anonymous_26)
FN:676,(anonymous_27)
FN:683,(anonymous_28)
FN:738,(anonymous_29)
FN:771,(anonymous_30)
FN:781,(anonymous_31)
FN:838,(anonymous_32)
FN:850,(anonymous_33)
FN:860,(anonymous_34)
FN:917,(anonymous_35)
FN:929,(anonymous_36)
FN:941,(anonymous_37)
FN:951,(anonymous_38)
FN:1035,(anonymous_39)
FNF:39
FNH:27
FNDA:84,(anonymous_1)
FNDA:31,DashboardView
FNDA:0,(anonymous_3)
FNDA:14,(anonymous_4)
FNDA:14,(anonymous_5)
FNDA:18,(anonymous_6)
FNDA:9,(anonymous_7)
FNDA:2,(anonymous_8)
FNDA:1,(anonymous_9)
FNDA:0,(anonymous_10)
FNDA:4,(anonymous_11)
FNDA:14,(anonymous_12)
FNDA:13,(anonymous_13)
FNDA:13,(anonymous_14)
FNDA:52,(anonymous_15)
FNDA:0,(anonymous_16)
FNDA:0,(anonymous_17)
FNDA:13,(anonymous_18)
FNDA:2,(anonymous_19)
FNDA:1,(anonymous_20)
FNDA:1,(anonymous_21)
FNDA:0,(anonymous_22)
FNDA:0,(anonymous_23)
FNDA:0,(anonymous_24)
FNDA:0,(anonymous_25)
FNDA:0,(anonymous_26)
FNDA:0,(anonymous_27)
FNDA:13,(anonymous_28)
FNDA:0,(anonymous_29)
FNDA:4,(anonymous_30)
FNDA:4,(anonymous_31)
FNDA:2,(anonymous_32)
FNDA:2,(anonymous_33)
FNDA:2,(anonymous_34)
FNDA:2,(anonymous_35)
FNDA:2,(anonymous_36)
FNDA:2,(anonymous_37)
FNDA:2,(anonymous_38)
FNDA:0,(anonymous_39)
DA:1,2
DA:2,2
DA:3,2
DA:23,2
DA:40,2
DA:70,2
DA:80,84
DA:144,2
DA:145,31
DA:146,31
DA:147,31
DA:152,31
DA:153,31
DA:154,31
DA:156,31
DA:176,31
DA:177,0
DA:272,0
DA:275,31
DA:276,14
DA:277,14
DA:278,14
DA:281,14
DA:283,10
DA:284,0
DA:287,9
DA:290,9
DA:305,18
DA:316,9
DA:319,9
DA:320,9
DA:326,9
DA:327,9
DA:328,9
DA:330,0
DA:332,0
DA:333,0
DA:334,0
DA:337,9
DA:340,9
DA:341,9
DA:345,5
DA:348,5
DA:367,5
DA:368,5
DA:374,2
DA:375,2
DA:376,2
DA:378,0
DA:380,0
DA:381,0
DA:382,0
DA:385,2
DA:387,2
DA:388,2
DA:390,2
DA:395,14
DA:398,31
DA:399,0
DA:402,31
DA:403,4
DA:406,31
DA:407,14
DA:413,31
DA:414,13
DA:422,31
DA:423,13
DA:424,13
DA:425,0
DA:426,0
DA:427,0
DA:428,0
DA:432,31
DA:433,52
DA:434,0
DA:435,52
DA:436,0
DA:437,0
DA:438,0
DA:442,31
DA:443,17
DA:453,14
DA:470,0
DA:477,0
DA:488,13
DA:514,2
DA:526,1
DA:538,1
DA:550,0
DA:562,0
DA:574,0
DA:603,0
DA:658,0
DA:676,0
DA:684,13
DA:738,0
DA:771,4
DA:782,4
DA:838,2
DA:850,2
DA:861,2
DA:917,2
DA:929,2
DA:941,2
DA:952,2
DA:1035,0
LF:106
LH:76
BRDA:86,0,0,84
BRDA:86,0,1,0
BRDA:89,1,0,84
BRDA:89,1,1,0
BRDA:90,2,0,84
BRDA:90,2,1,0
BRDA:100,3,0,84
BRDA:100,3,1,84
BRDA:102,4,0,65
BRDA:102,4,1,19
BRDA:104,5,0,13
BRDA:104,5,1,6
BRDA:110,6,0,65
BRDA:110,6,1,19
BRDA:110,7,0,13
BRDA:110,7,1,6
BRDA:114,8,0,65
BRDA:114,8,1,19
BRDA:128,9,0,84
BRDA:128,9,1,0
BRDA:134,10,0,84
BRDA:134,10,1,84
BRDA:283,11,0,0
BRDA:283,11,1,9
BRDA:300,12,0,9
BRDA:300,12,1,0
BRDA:301,13,0,9
BRDA:301,13,1,0
BRDA:305,14,0,9
BRDA:305,14,1,0
BRDA:307,15,0,18
BRDA:307,15,1,0
BRDA:308,16,0,18
BRDA:308,16,1,0
BRDA:309,17,0,18
BRDA:309,17,1,0
BRDA:312,18,0,9
BRDA:312,18,1,0
BRDA:313,19,0,9
BRDA:313,19,1,0
BRDA:423,20,0,13
BRDA:423,20,1,0
BRDA:423,20,2,0
BRDA:423,20,3,0
BRDA:423,20,4,0
BRDA:433,21,0,0
BRDA:433,21,1,52
BRDA:433,21,2,0
BRDA:433,21,3,0
BRDA:433,21,4,0
BRDA:442,22,0,17
BRDA:442,22,1,14
BRDA:485,23,0,14
BRDA:485,23,1,13
BRDA:591,24,0,14
BRDA:591,24,1,14
BRDA:604,25,0,0
BRDA:604,25,1,0
BRDA:605,26,0,0
BRDA:605,26,1,0
BRDA:606,27,0,0
BRDA:606,27,1,0
BRDA:619,28,0,14
BRDA:619,28,1,0
BRDA:628,29,0,14
BRDA:628,29,1,0
BRDA:648,30,0,14
BRDA:648,30,1,0
BRDA:746,31,0,14
BRDA:746,31,1,2
BRDA:786,32,0,4
BRDA:786,32,1,0
BRDA:801,33,0,4
BRDA:801,33,1,0
BRDA:813,34,0,14
BRDA:813,34,1,1
BRDA:892,35,0,14
BRDA:892,35,1,1
BRDA:964,36,0,2
BRDA:964,36,1,0
BRDA:971,37,0,1
BRDA:971,37,1,1
BRDA:983,38,0,14
BRDA:983,38,1,0
BRDA:1045,39,0,14
BRDA:1045,39,1,0
BRDA:1118,40,0,14
BRDA:1118,40,1,0
BRF:88
BRH:52
end_of_record
TN:
SF:src\views\ExportsView.tsx
FN:40,ExportsView
FN:86,(anonymous_1)
FN:87,(anonymous_2)
FN:87,(anonymous_3)
FN:90,(anonymous_4)
FN:95,(anonymous_5)
FN:128,(anonymous_6)
FN:138,(anonymous_7)
FN:163,(anonymous_8)
FN:173,(anonymous_9)
FN:199,(anonymous_10)
FN:230,(anonymous_11)
FN:230,(anonymous_12)
FN:257,(anonymous_13)
FNF:14
FNH:0
FNDA:0,ExportsView
FNDA:0,(anonymous_1)
FNDA:0,(anonymous_2)
FNDA:0,(anonymous_3)
FNDA:0,(anonymous_4)
FNDA:0,(anonymous_5)
FNDA:0,(anonymous_6)
FNDA:0,(anonymous_7)
FNDA:0,(anonymous_8)
FNDA:0,(anonymous_9)
FNDA:0,(anonymous_10)
FNDA:0,(anonymous_11)
FNDA:0,(anonymous_12)
FNDA:0,(anonymous_13)
DA:1,1
DA:2,1
DA:23,1
DA:40,1
DA:41,0
DA:42,0
DA:43,0
DA:45,0
DA:53,0
DA:59,0
DA:86,0
DA:87,0
DA:90,0
DA:91,0
DA:95,0
DA:96,0
DA:104,0
DA:129,0
DA:138,0
DA:164,0
DA:173,0
DA:199,0
DA:230,0
DA:258,0
LF:24
LH:4
BRDA:133,0,0,0
BRDA:133,0,1,0
BRDA:168,1,0,0
BRDA:168,1,1,0
BRF:4
BRH:0
end_of_record
TN:
SF:src\views\JobNimbusContacts.tsx
FN:40,JobNimbusContacts
FN:46,(anonymous_2)
FN:50,(anonymous_3)
FN:57,(anonymous_4)
FN:68,(anonymous_5)
FN:79,(anonymous_6)
FN:93,(anonymous_7)
FN:164,(anonymous_8)
FNF:8
FNH:0
FNDA:0,JobNimbusContacts
FNDA:0,(anonymous_2)
FNDA:0,(anonymous_3)
FNDA:0,(anonymous_4)
FNDA:0,(anonymous_5)
FNDA:0,(anonymous_6)
FNDA:0,(anonymous_7)
FNDA:0,(anonymous_8)
DA:2,0
DA:3,0
DA:18,0
DA:20,0
DA:22,0
DA:40,0
DA:41,0
DA:42,0
DA:43,0
DA:44,0
DA:46,0
DA:47,0
DA:51,0
DA:52,0
DA:53,0
DA:55,0
DA:59,0
DA:60,0
DA:61,0
DA:62,0
DA:64,0
DA:66,0
DA:70,0
DA:71,0
DA:73,0
DA:75,0
DA:79,0
DA:80,0
DA:81,0
DA:94,0
DA:107,0
DA:108,0
DA:109,0
DA:110,0
DA:111,0
DA:112,0
DA:113,0
DA:116,0
DA:165,0
LF:39
LH:0
BRDA:51,0,0,0
BRDA:51,0,1,0
BRDA:53,1,0,0
BRDA:53,1,1,0
BRDA:59,2,0,0
BRDA:59,2,1,0
BRDA:61,3,0,0
BRDA:61,3,1,0
BRDA:61,4,0,0
BRDA:61,4,1,0
BRDA:70,5,0,0
BRDA:70,5,1,0
BRDA:70,6,0,0
BRDA:70,6,1,0
BRDA:100,7,0,0
BRDA:100,7,1,0
BRDA:100,7,2,0
BRDA:103,8,0,0
BRDA:103,8,1,0
BRDA:131,9,0,0
BRDA:131,9,1,0
BRDA:131,9,2,0
BRDA:137,10,0,0
BRDA:137,10,1,0
BRDA:142,11,0,0
BRDA:142,11,1,0
BRDA:147,12,0,0
BRDA:147,12,1,0
BRDA:147,12,2,0
BRDA:172,13,0,0
BRDA:172,13,1,0
BRDA:172,13,2,0
BRDA:177,14,0,0
BRDA:177,14,1,0
BRF:34
BRH:0
end_of_record
TN:
SF:src\views\JobsView.tsx
FN:99,JobsView
FN:114,(anonymous_1)
FN:137,(anonymous_2)
FN:142,(anonymous_3)
FN:148,(anonymous_4)
FN:153,(anonymous_5)
FN:163,(anonymous_6)
FN:169,(anonymous_7)
FN:180,(anonymous_8)
FN:191,(anonymous_9)
FN:199,(anonymous_10)
FN:206,(anonymous_11)
FN:210,(anonymous_12)
FN:215,(anonymous_13)
FN:220,(anonymous_14)
FN:225,(anonymous_15)
FN:230,(anonymous_16)
FN:236,(anonymous_17)
FN:237,(anonymous_18)
FN:237,(anonymous_19)
FN:242,(anonymous_20)
FN:244,(anonymous_21)
FN:245,(anonymous_22)
FN:246,(anonymous_23)
FN:247,(anonymous_24)
FN:248,(anonymous_25)
FN:255,(anonymous_26)
FN:442,(anonymous_27)
FN:459,(anonymous_28)
FN:475,(anonymous_29)
FN:509,(anonymous_30)
FN:613,(anonymous_31)
FN:670,(anonymous_32)
FN:674,(anonymous_33)
FN:678,(anonymous_34)
FN:684,(anonymous_35)
FN:695,(anonymous_36)
FN:761,(anonymous_37)
FN:766,(anonymous_38)
FNF:39
FNH:0
FNDA:0,JobsView
FNDA:0,(anonymous_1)
FNDA:0,(anonymous_2)
FNDA:0,(anonymous_3)
FNDA:0,(anonymous_4)
FNDA:0,(anonymous_5)
FNDA:0,(anonymous_6)
FNDA:0,(anonymous_7)
FNDA:0,(anonymous_8)
FNDA:0,(anonymous_9)
FNDA:0,(anonymous_10)
FNDA:0,(anonymous_11)
FNDA:0,(anonymous_12)
FNDA:0,(anonymous_13)
FNDA:0,(anonymous_14)
FNDA:0,(anonymous_15)
FNDA:0,(anonymous_16)
FNDA:0,(anonymous_17)
FNDA:0,(anonymous_18)
FNDA:0,(anonymous_19)
FNDA:0,(anonymous_20)
FNDA:0,(anonymous_21)
FNDA:0,(anonymous_22)
FNDA:0,(anonymous_23)
FNDA:0,(anonymous_24)
FNDA:0,(anonymous_25)
FNDA:0,(anonymous_26)
FNDA:0,(anonymous_27)
FNDA:0,(anonymous_28)
FNDA:0,(anonymous_29)
FNDA:0,(anonymous_30)
FNDA:0,(anonymous_31)
FNDA:0,(anonymous_32)
FNDA:0,(anonymous_33)
FNDA:0,(anonymous_34)
FNDA:0,(anonymous_35)
FNDA:0,(anonymous_36)
FNDA:0,(anonymous_37)
FNDA:0,(anonymous_38)
DA:1,1
DA:2,1
DA:3,1
DA:4,1
DA:41,1
DA:99,1
DA:100,0
DA:101,0
DA:102,0
DA:103,0
DA:104,0
DA:105,0
DA:106,0
DA:107,0
DA:108,0
DA:109,0
DA:112,0
DA:114,0
DA:115,0
DA:116,0
DA:119,0
DA:121,0
DA:122,0
DA:123,0
DA:125,0
DA:128,0
DA:129,0
DA:130,0
DA:131,0
DA:133,0
DA:137,0
DA:138,0
DA:142,0
DA:143,0
DA:144,0
DA:148,0
DA:149,0
DA:152,0
DA:153,0
DA:154,0
DA:162,0
DA:163,0
DA:166,0
DA:169,0
DA:170,0
DA:171,0
DA:172,0
DA:173,0
DA:174,0
DA:175,0
DA:176,0
DA:180,0
DA:181,0
DA:182,0
DA:183,0
DA:184,0
DA:185,0
DA:186,0
DA:187,0
DA:191,0
DA:192,0
DA:199,0
DA:200,0
DA:206,0
DA:207,0
DA:210,0
DA:211,0
DA:212,0
DA:215,0
DA:216,0
DA:217,0
DA:220,0
DA:221,0
DA:222,0
DA:225,0
DA:226,0
DA:227,0
DA:230,0
DA:231,0
DA:232,0
DA:233,0
DA:236,0
DA:237,0
DA:238,0
DA:239,0
DA:242,0
DA:243,0
DA:244,0
DA:245,0
DA:246,0
DA:247,0
DA:248,0
DA:250,0
DA:253,0
DA:255,0
DA:256,0
DA:259,0
DA:260,0
DA:270,0
DA:442,0
DA:459,0
DA:475,0
DA:510,0
DA:613,0
DA:670,0
DA:674,0
DA:678,0
DA:684,0
DA:695,0
DA:761,0
DA:767,0
DA:771,0
LF:112
LH:6
BRDA:133,0,0,0
BRDA:133,0,1,0
BRDA:143,1,0,0
BRDA:143,1,1,0
BRDA:143,2,0,0
BRDA:143,2,1,0
BRDA:143,2,2,0
BRDA:152,3,0,0
BRDA:152,3,1,0
BRDA:154,4,0,0
BRDA:154,4,1,0
BRDA:154,4,2,0
BRDA:154,4,3,0
BRDA:162,5,0,0
BRDA:162,5,1,0
BRDA:170,6,0,0
BRDA:170,6,1,0
BRDA:170,6,2,0
BRDA:170,6,3,0
BRDA:170,6,4,0
BRDA:170,6,5,0
BRDA:181,7,0,0
BRDA:181,7,1,0
BRDA:181,7,2,0
BRDA:181,7,3,0
BRDA:181,7,4,0
BRDA:181,7,5,0
BRDA:211,8,0,0
BRDA:211,8,1,0
BRDA:259,9,0,0
BRDA:259,9,1,0
BRDA:409,10,0,0
BRDA:409,10,1,0
BRDA:414,11,0,0
BRDA:414,11,1,0
BRDA:422,12,0,0
BRDA:422,12,1,0
BRDA:493,13,0,0
BRDA:493,13,1,0
BRDA:575,14,0,0
BRDA:575,14,1,0
BRDA:580,15,0,0
BRDA:580,15,1,0
BRDA:593,16,0,0
BRDA:593,16,1,0
BRDA:605,17,0,0
BRDA:605,17,1,0
BRDA:624,18,0,0
BRDA:624,18,1,0
BRDA:638,19,0,0
BRDA:638,19,1,0
BRDA:652,20,0,0
BRDA:652,20,1,0
BRDA:652,20,2,0
BRDA:655,21,0,0
BRDA:655,21,1,0
BRDA:658,22,0,0
BRDA:658,22,1,0
BRDA:670,23,0,0
BRDA:670,23,1,0
BRDA:684,24,0,0
BRDA:684,24,1,0
BRDA:700,25,0,0
BRDA:700,25,1,0
BRDA:708,26,0,0
BRDA:708,26,1,0
BRDA:717,27,0,0
BRDA:717,27,1,0
BRDA:724,28,0,0
BRDA:724,28,1,0
BRDA:731,29,0,0
BRDA:731,29,1,0
BRDA:747,30,0,0
BRDA:747,30,1,0
BRDA:755,31,0,0
BRDA:755,31,1,0
BRDA:768,32,0,0
BRDA:768,32,1,0
BRDA:774,33,0,0
BRDA:774,33,1,0
BRF:80
BRH:0
end_of_record
TN:
SF:src\views\SettingsView.tsx
FN:125,SettingsView
FN:169,(anonymous_1)
FN:173,(anonymous_2)
FN:174,(anonymous_3)
FN:201,(anonymous_4)
FN:205,(anonymous_5)
FN:211,(anonymous_6)
FN:214,(anonymous_7)
FN:219,(anonymous_8)
FN:223,(anonymous_9)
FN:226,(anonymous_10)
FN:231,(anonymous_11)
FN:235,(anonymous_12)
FN:241,(anonymous_13)
FN:242,(anonymous_14)
FN:253,(anonymous_15)
FN:266,(anonymous_16)
FN:360,(anonymous_17)
FN:383,(anonymous_18)
FN:392,(anonymous_19)
FN:400,(anonymous_20)
FN:408,(anonymous_21)
FN:417,(anonymous_22)
FN:431,(anonymous_23)
FN:437,(anonymous_24)
FN:464,(anonymous_25)
FN:515,(anonymous_26)
FN:530,(anonymous_27)
FN:562,(anonymous_28)
FN:578,(anonymous_29)
FN:594,(anonymous_30)
FN:627,(anonymous_31)
FN:637,(anonymous_32)
FN:680,(anonymous_33)
FN:696,(anonymous_34)
FN:708,(anonymous_35)
FN:740,(anonymous_36)
FN:762,(anonymous_37)
FN:846,(anonymous_38)
FN:862,(anonymous_39)
FN:874,(anonymous_40)
FN:893,(anonymous_41)
FN:957,(anonymous_42)
FN:965,(anonymous_43)
FN:986,(anonymous_44)
FN:996,(anonymous_45)
FN:1006,(anonymous_46)
FN:1069,(anonymous_47)
FN:1091,(anonymous_48)
FN:1097,(anonymous_49)
FN:1118,(anonymous_50)
FN:1133,(anonymous_51)
FN:1260,(anonymous_52)
FN:1267,(anonymous_53)
FN:1334,(anonymous_54)
FN:1368,(anonymous_55)
FN:1373,(anonymous_56)
FN:1386,(anonymous_57)
FN:1415,(anonymous_58)
FN:1419,(anonymous_59)
FN:1477,(anonymous_60)
FNF:61
FNH:0
FNDA:0,SettingsView
FNDA:0,(anonymous_1)
FNDA:0,(anonymous_2)
FNDA:0,(anonymous_3)
FNDA:0,(anonymous_4)
FNDA:0,(anonymous_5)
FNDA:0,(anonymous_6)
FNDA:0,(anonymous_7)
FNDA:0,(anonymous_8)
FNDA:0,(anonymous_9)
FNDA:0,(anonymous_10)
FNDA:0,(anonymous_11)
FNDA:0,(anonymous_12)
FNDA:0,(anonymous_13)
FNDA:0,(anonymous_14)
FNDA:0,(anonymous_15)
FNDA:0,(anonymous_16)
FNDA:0,(anonymous_17)
FNDA:0,(anonymous_18)
FNDA:0,(anonymous_19)
FNDA:0,(anonymous_20)
FNDA:0,(anonymous_21)
FNDA:0,(anonymous_22)
FNDA:0,(anonymous_23)
FNDA:0,(anonymous_24)
FNDA:0,(anonymous_25)
FNDA:0,(anonymous_26)
FNDA:0,(anonymous_27)
FNDA:0,(anonymous_28)
FNDA:0,(anonymous_29)
FNDA:0,(anonymous_30)
FNDA:0,(anonymous_31)
FNDA:0,(anonymous_32)
FNDA:0,(anonymous_33)
FNDA:0,(anonymous_34)
FNDA:0,(anonymous_35)
FNDA:0,(anonymous_36)
FNDA:0,(anonymous_37)
FNDA:0,(anonymous_38)
FNDA:0,(anonymous_39)
FNDA:0,(anonymous_40)
FNDA:0,(anonymous_41)
FNDA:0,(anonymous_42)
FNDA:0,(anonymous_43)
FNDA:0,(anonymous_44)
FNDA:0,(anonymous_45)
FNDA:0,(anonymous_46)
FNDA:0,(anonymous_47)
FNDA:0,(anonymous_48)
FNDA:0,(anonymous_49)
FNDA:0,(anonymous_50)
FNDA:0,(anonymous_51)
FNDA:0,(anonymous_52)
FNDA:0,(anonymous_53)
FNDA:0,(anonymous_54)
FNDA:0,(anonymous_55)
FNDA:0,(anonymous_56)
FNDA:0,(anonymous_57)
FNDA:0,(anonymous_58)
FNDA:0,(anonymous_59)
FNDA:0,(anonymous_60)
DA:1,1
DA:2,1
DA:44,1
DA:125,1
DA:126,0
DA:161,0
DA:162,0
DA:163,0
DA:164,0
DA:165,0
DA:166,0
DA:167,0
DA:169,0
DA:170,0
DA:173,0
DA:174,0
DA:175,0
DA:176,0
DA:177,0
DA:178,0
DA:189,0
DA:198,0
DA:201,0
DA:202,0
DA:205,0
DA:206,0
DA:207,0
DA:211,0
DA:212,0
DA:214,0
DA:215,0
DA:219,0
DA:220,0
DA:223,0
DA:224,0
DA:226,0
DA:227,0
DA:231,0
DA:232,0
DA:235,0
DA:236,0
DA:237,0
DA:238,0
DA:241,0
DA:242,0
DA:243,0
DA:244,0
DA:245,0
DA:247,0
DA:251,0
DA:253,0
DA:256,0
DA:257,0
DA:260,0
DA:261,0
DA:264,0
DA:266,0
DA:267,0
DA:268,0
DA:269,0
DA:270,0
DA:274,0
DA:275,0
DA:276,0
DA:280,0
DA:360,0
DA:383,0
DA:392,0
DA:400,0
DA:408,0
DA:417,0
DA:431,0
DA:437,0
DA:464,0
DA:515,0
DA:530,0
DA:562,0
DA:578,0
DA:594,0
DA:627,0
DA:637,0
DA:680,0
DA:696,0
DA:708,0
DA:740,0
DA:762,0
DA:846,0
DA:862,0
DA:874,0
DA:893,0
DA:957,0
DA:965,0
DA:986,0
DA:996,0
DA:1006,0
DA:1069,0
DA:1091,0
DA:1097,0
DA:1119,0
DA:1133,0
DA:1260,0
DA:1267,0
DA:1334,0
DA:1368,0
DA:1374,0
DA:1375,0
DA:1386,0
DA:1416,0
DA:1417,0
DA:1418,0
DA:1419,0
DA:1420,0
DA:1421,0
DA:1422,0
DA:1425,0
DA:1477,0
LF:116
LH:4
BRDA:175,0,0,0
BRDA:175,0,1,0
BRDA:243,1,0,0
BRDA:243,1,1,0
BRDA:260,2,0,0
BRDA:260,2,1,0
BRDA:294,3,0,0
BRDA:294,3,1,0
BRDA:320,4,0,0
BRDA:320,4,1,0
BRDA:341,5,0,0
BRDA:341,5,1,0
BRDA:450,6,0,0
BRDA:450,6,1,0
BRDA:657,7,0,0
BRDA:657,7,1,0
BRDA:746,8,0,0
BRDA:746,8,1,0
BRDA:754,9,0,0
BRDA:754,9,1,0
BRDA:765,10,0,0
BRDA:765,10,1,0
BRDA:796,11,0,0
BRDA:796,11,1,0
BRDA:823,12,0,0
BRDA:823,12,1,0
BRDA:1034,13,0,0
BRDA:1034,13,1,0
BRDA:1063,14,0,0
BRDA:1063,14,1,0
BRDA:1072,15,0,0
BRDA:1072,15,1,0
BRDA:1148,16,0,0
BRDA:1148,16,1,0
BRDA:1205,17,0,0
BRDA:1205,17,1,0
BRDA:1386,18,0,0
BRDA:1386,18,1,0
BRDA:1397,19,0,0
BRDA:1397,19,1,0
BRDA:1421,20,0,0
BRDA:1421,20,1,0
BRDA:1480,21,0,0
BRDA:1480,21,1,0
BRF:44
BRH:0
end_of_record
TN:
SF:src\views\TasksView.tsx
FN:104,TasksView
FN:120,(anonymous_1)
FN:121,(anonymous_2)
FN:140,(anonymous_3)
FN:176,(anonymous_4)
FN:276,getPriorityFromTask
FN:285,(anonymous_6)
FN:286,(anonymous_7)
FN:287,(anonymous_8)
FN:295,calculateProgress
FN:304,(anonymous_10)
FN:309,(anonymous_11)
FN:320,(anonymous_12)
FN:328,(anonymous_13)
FN:334,(anonymous_14)
FN:344,(anonymous_15)
FN:354,(anonymous_16)
FN:365,(anonymous_17)
FN:376,(anonymous_18)
FN:384,(anonymous_19)
FN:388,(anonymous_20)
FN:393,(anonymous_21)
FN:398,(anonymous_22)
FN:403,(anonymous_23)
FN:409,(anonymous_24)
FN:410,(anonymous_25)
FN:410,(anonymous_26)
FN:415,(anonymous_27)
FN:416,(anonymous_28)
FN:416,(anonymous_29)
FN:425,(anonymous_30)
FN:427,(anonymous_31)
FN:428,(anonymous_32)
FN:429,(anonymous_33)
FN:430,(anonymous_34)
FN:431,(anonymous_35)
FN:438,(anonymous_36)
FN:606,(anonymous_37)
FN:623,(anonymous_38)
FN:640,(anonymous_39)
FN:656,(anonymous_40)
FN:691,(anonymous_41)
FN:697,(anonymous_42)
FN:817,(anonymous_43)
FN:888,(anonymous_44)
FN:892,(anonymous_45)
FN:897,(anonymous_46)
FN:902,(anonymous_47)
FN:908,(anonymous_48)
FN:919,(anonymous_49)
FN:1001,(anonymous_50)
FN:1006,(anonymous_51)
FNF:52
FNH:0
FNDA:0,TasksView
FNDA:0,(anonymous_1)
FNDA:0,(anonymous_2)
FNDA:0,(anonymous_3)
FNDA:0,(anonymous_4)
FNDA:0,getPriorityFromTask
FNDA:0,(anonymous_6)
FNDA:0,(anonymous_7)
FNDA:0,(anonymous_8)
FNDA:0,calculateProgress
FNDA:0,(anonymous_10)
FNDA:0,(anonymous_11)
FNDA:0,(anonymous_12)
FNDA:0,(anonymous_13)
FNDA:0,(anonymous_14)
FNDA:0,(anonymous_15)
FNDA:0,(anonymous_16)
FNDA:0,(anonymous_17)
FNDA:0,(anonymous_18)
FNDA:0,(anonymous_19)
FNDA:0,(anonymous_20)
FNDA:0,(anonymous_21)
FNDA:0,(anonymous_22)
FNDA:0,(anonymous_23)
FNDA:0,(anonymous_24)
FNDA:0,(anonymous_25)
FNDA:0,(anonymous_26)
FNDA:0,(anonymous_27)
FNDA:0,(anonymous_28)
FNDA:0,(anonymous_29)
FNDA:0,(anonymous_30)
FNDA:0,(anonymous_31)
FNDA:0,(anonymous_32)
FNDA:0,(anonymous_33)
FNDA:0,(anonymous_34)
FNDA:0,(anonymous_35)
FNDA:0,(anonymous_36)
FNDA:0,(anonymous_37)
FNDA:0,(anonymous_38)
FNDA:0,(anonymous_39)
FNDA:0,(anonymous_40)
FNDA:0,(anonymous_41)
FNDA:0,(anonymous_42)
FNDA:0,(anonymous_43)
FNDA:0,(anonymous_44)
FNDA:0,(anonymous_45)
FNDA:0,(anonymous_46)
FNDA:0,(anonymous_47)
FNDA:0,(anonymous_48)
FNDA:0,(anonymous_49)
FNDA:0,(anonymous_50)
FNDA:0,(anonymous_51)
DA:1,1
DA:3,1
DA:4,1
DA:44,1
DA:104,1
DA:105,0
DA:106,0
DA:107,0
DA:108,0
DA:109,0
DA:110,0
DA:111,0
DA:112,0
DA:113,0
DA:114,0
DA:115,0
DA:118,0
DA:120,0
DA:121,0
DA:122,0
DA:123,0
DA:126,0
DA:128,0
DA:129,0
DA:132,0
DA:135,0
DA:140,0
DA:141,0
DA:142,0
DA:144,0
DA:172,0
DA:173,0
DA:174,0
DA:176,0
DA:177,0
DA:181,0
DA:184,0
DA:264,0
DA:265,0
DA:266,0
DA:268,0
DA:272,0
DA:278,0
DA:280,0
DA:284,0
DA:285,0
DA:286,0
DA:287,0
DA:291,0
DA:296,0
DA:297,0
DA:298,0
DA:299,0
DA:301,0
DA:304,0
DA:305,0
DA:308,0
DA:309,0
DA:310,0
DA:319,0
DA:320,0
DA:321,0
DA:322,0
DA:327,0
DA:328,0
DA:331,0
DA:334,0
DA:335,0
DA:336,0
DA:337,0
DA:338,0
DA:339,0
DA:340,0
DA:344,0
DA:345,0
DA:346,0
DA:347,0
DA:348,0
DA:349,0
DA:350,0
DA:354,0
DA:355,0
DA:356,0
DA:357,0
DA:358,0
DA:359,0
DA:360,0
DA:361,0
DA:365,0
DA:366,0
DA:367,0
DA:368,0
DA:369,0
DA:370,0
DA:371,0
DA:372,0
DA:376,0
DA:377,0
DA:384,0
DA:385,0
DA:388,0
DA:389,0
DA:390,0
DA:393,0
DA:394,0
DA:395,0
DA:398,0
DA:399,0
DA:400,0
DA:403,0
DA:404,0
DA:405,0
DA:406,0
DA:409,0
DA:410,0
DA:411,0
DA:412,0
DA:415,0
DA:416,0
DA:417,0
DA:421,0
DA:422,0
DA:425,0
DA:426,0
DA:427,0
DA:428,0
DA:429,0
DA:430,0
DA:431,0
DA:433,0
DA:436,0
DA:438,0
DA:439,0
DA:442,0
DA:443,0
DA:453,0
DA:606,0
DA:623,0
DA:640,0
DA:656,0
DA:692,0
DA:697,0
DA:817,0
DA:888,0
DA:892,0
DA:897,0
DA:902,0
DA:908,0
DA:919,0
DA:1001,0
DA:1007,0
DA:1011,0
LF:152
LH:5
BRDA:128,0,0,0
BRDA:128,0,1,0
BRDA:135,1,0,0
BRDA:135,1,1,0
BRDA:137,2,0,0
BRDA:137,2,1,0
BRDA:141,3,0,0
BRDA:141,3,1,0
BRDA:142,4,0,0
BRDA:142,4,1,0
BRDA:142,5,0,0
BRDA:142,5,1,0
BRDA:145,6,0,0
BRDA:145,6,1,0
BRDA:145,6,2,0
BRDA:146,7,0,0
BRDA:146,7,1,0
BRDA:147,8,0,0
BRDA:147,8,1,0
BRDA:147,8,2,0
BRDA:148,9,0,0
BRDA:148,9,1,0
BRDA:148,9,2,0
BRDA:148,9,3,0
BRDA:148,10,0,0
BRDA:148,10,1,0
BRDA:149,11,0,0
BRDA:149,11,1,0
BRDA:150,12,0,0
BRDA:150,12,1,0
BRDA:151,13,0,0
BRDA:151,13,1,0
BRDA:153,14,0,0
BRDA:153,14,1,0
BRDA:154,15,0,0
BRDA:154,15,1,0
BRDA:155,16,0,0
BRDA:155,16,1,0
BRDA:156,17,0,0
BRDA:156,17,1,0
BRDA:157,18,0,0
BRDA:157,18,1,0
BRDA:158,19,0,0
BRDA:158,19,1,0
BRDA:159,20,0,0
BRDA:159,20,1,0
BRDA:159,20,2,0
BRDA:160,21,0,0
BRDA:160,21,1,0
BRDA:160,21,2,0
BRDA:161,22,0,0
BRDA:161,22,1,0
BRDA:161,22,2,0
BRDA:162,23,0,0
BRDA:162,23,1,0
BRDA:163,24,0,0
BRDA:163,24,1,0
BRDA:165,25,0,0
BRDA:165,25,1,0
BRDA:166,26,0,0
BRDA:166,26,1,0
BRDA:167,27,0,0
BRDA:167,27,1,0
BRDA:167,27,2,0
BRDA:268,28,0,0
BRDA:268,28,1,0
BRDA:278,29,0,0
BRDA:278,29,1,0
BRDA:278,30,0,0
BRDA:278,30,1,0
BRDA:278,30,2,0
BRDA:284,31,0,0
BRDA:284,31,1,0
BRDA:285,32,0,0
BRDA:285,32,1,0
BRDA:285,33,0,0
BRDA:285,33,1,0
BRDA:285,33,2,0
BRDA:286,34,0,0
BRDA:286,34,1,0
BRDA:286,35,0,0
BRDA:286,35,1,0
BRDA:286,35,2,0
BRDA:287,36,0,0
BRDA:287,36,1,0
BRDA:287,37,0,0
BRDA:287,37,1,0
BRDA:287,37,2,0
BRDA:296,38,0,0
BRDA:296,38,1,0
BRDA:297,39,0,0
BRDA:297,39,1,0
BRDA:298,40,0,0
BRDA:298,40,1,0
BRDA:298,41,0,0
BRDA:298,41,1,0
BRDA:308,42,0,0
BRDA:308,42,1,0
BRDA:310,43,0,0
BRDA:310,43,1,0
BRDA:310,43,2,0
BRDA:310,43,3,0
BRDA:310,43,4,0
BRDA:319,44,0,0
BRDA:319,44,1,0
BRDA:321,45,0,0
BRDA:321,45,1,0
BRDA:327,46,0,0
BRDA:327,46,1,0
BRDA:335,47,0,0
BRDA:335,47,1,0
BRDA:335,47,2,0
BRDA:335,47,3,0
BRDA:335,47,4,0
BRDA:345,48,0,0
BRDA:345,48,1,0
BRDA:345,48,2,0
BRDA:345,48,3,0
BRDA:345,48,4,0
BRDA:355,49,0,0
BRDA:355,49,1,0
BRDA:356,50,0,0
BRDA:356,50,1,0
BRDA:356,50,2,0
BRDA:356,50,3,0
BRDA:356,50,4,0
BRDA:366,51,0,0
BRDA:366,51,1,0
BRDA:367,52,0,0
BRDA:367,52,1,0
BRDA:367,52,2,0
BRDA:367,52,3,0
BRDA:367,52,4,0
BRDA:417,53,0,0
BRDA:417,53,1,0
BRDA:442,54,0,0
BRDA:442,54,1,0
BRDA:675,55,0,0
BRDA:675,55,1,0
BRDA:697,56,0,0
BRDA:697,56,1,0
BRDA:708,57,0,0
BRDA:708,57,1,0
BRDA:719,58,0,0
BRDA:719,58,1,0
BRDA:732,59,0,0
BRDA:732,59,1,0
BRDA:734,60,0,0
BRDA:734,60,1,0
BRDA:736,61,0,0
BRDA:736,61,1,0
BRDA:737,62,0,0
BRDA:737,62,1,0
BRDA:746,63,0,0
BRDA:746,63,1,0
BRDA:752,64,0,0
BRDA:752,64,1,0
BRDA:775,65,0,0
BRDA:775,65,1,0
BRDA:787,66,0,0
BRDA:787,66,1,0
BRDA:791,67,0,0
BRDA:791,67,1,0
BRDA:792,68,0,0
BRDA:792,68,1,0
BRDA:797,69,0,0
BRDA:797,69,1,0
BRDA:828,70,0,0
BRDA:828,70,1,0
BRDA:842,71,0,0
BRDA:842,71,1,0
BRDA:856,72,0,0
BRDA:856,72,1,0
BRDA:870,73,0,0
BRDA:870,73,1,0
BRDA:870,73,2,0
BRDA:888,74,0,0
BRDA:888,74,1,0
BRDA:896,75,0,0
BRDA:896,75,1,0
BRDA:897,76,0,0
BRDA:897,76,1,0
BRDA:908,77,0,0
BRDA:908,77,1,0
BRDA:924,78,0,0
BRDA:924,78,1,0
BRDA:932,79,0,0
BRDA:932,79,1,0
BRDA:941,80,0,0
BRDA:941,80,1,0
BRDA:948,81,0,0
BRDA:948,81,1,0
BRDA:962,82,0,0
BRDA:962,82,1,0
BRDA:977,83,0,0
BRDA:977,83,1,0
BRDA:988,84,0,0
BRDA:988,84,1,0
BRDA:995,85,0,0
BRDA:995,85,1,0
BRDA:1008,86,0,0
BRDA:1008,86,1,0
BRDA:1014,87,0,0
BRDA:1014,87,1,0
BRF:204
BRH:0
end_of_record
